{"meta": {"format": 3, "version": "7.13.1", "timestamp": "2026-01-23T19:08:35.054776", "branch_coverage": false, "show_contexts": false}, "files": {"src/feedback_loop/__init__.py": {"executed_lines": [], "summary": {"covered_lines": 0, "num_statements": 0, "percent_covered": 100.0, "percent_covered_display": "100", "missing_lines": 0, "excluded_lines": 0, "percent_statements_covered": 100.0, "percent_statements_covered_display": "100"}, "missing_lines": [], "excluded_lines": [], "functions": {"": {"executed_lines": [], "summary": {"covered_lines": 0, "num_statements": 0, "percent_covered": 100.0, "percent_covered_display": "100", "missing_lines": 0, "excluded_lines": 0, "percent_statements_covered": 100.0, "percent_statements_covered_display": "100"}, "missing_lines": [], "excluded_lines": [], "start_line": 1}}, "classes": {"": {"executed_lines": [], "summary": {"covered_lines": 0, "num_statements": 0, "percent_covered": 100.0, "percent_covered_display": "100", "missing_lines": 0, "excluded_lines": 0, "percent_statements_covered": 100.0, "percent_statements_covered_display": "100"}, "missing_lines": [], "excluded_lines": [], "start_line": 1}}}, "src/feedback_loop/api/__init__.py": {"executed_lines": [], "summary": {"covered_lines": 0, "num_statements": 1, "percent_covered": 0.0, "percent_covered_display": "0", "missing_lines": 1, "excluded_lines": 0, "percent_statements_covered": 0.0, "percent_statements_covered_display": "0"}, "missing_lines": [8], "excluded_lines": [], "functions": {"": {"executed_lines": [], "summary": {"covered_lines": 0, "num_statements": 1, "percent_covered": 0.0, "percent_covered_display": "0", "missing_lines": 1, "excluded_lines": 0, "percent_statements_covered": 0.0, "percent_statements_covered_display": "0"}, "missing_lines": [8], "excluded_lines": [], "start_line": 1}}, "classes": {"": {"executed_lines": [], "summary": {"covered_lines": 0, "num_statements": 1, "percent_covered": 0.0, "percent_covered_display": "0", "missing_lines": 1, "excluded_lines": 0, "percent_statements_covered": 0.0, "percent_statements_covered_display": "0"}, "missing_lines": [8], "excluded_lines": [], "start_line": 1}}}, "src/feedback_loop/api/dashboard.py": {"executed_lines": [], "summary": {"covered_lines": 0, "num_statements": 272, "percent_covered": 0.0, "percent_covered_display": "0", "missing_lines": 272, "excluded_lines": 0, "percent_statements_covered": 0.0, "percent_statements_covered_display": "0"}, "missing_lines": [8, 9, 10, 11, 13, 14, 15, 16, 17, 19, 21, 22, 23, 25, 27, 28, 29, 30, 31, 32, 33, 34, 35, 36, 37, 38, 41, 45, 48, 49, 50, 51, 52, 53, 54, 57, 60, 61, 64, 67, 68, 69, 73, 74, 77, 86, 88, 89, 90, 91, 92, 93, 94, 95, 96, 97, 100, 102, 105, 108, 110, 111, 112, 115, 118, 119, 120, 121, 122, 123, 124, 125, 128, 129, 132, 134, 135, 136, 137, 151, 152, 155, 158, 159, 160, 178, 179, 182, 184, 185, 186, 200, 201, 203, 205, 206, 209, 210, 211, 225, 226, 229, 232, 233, 238, 240, 242, 253, 256, 259, 260, 261, 262, 263, 266, 281, 292, 293, 297, 299, 300, 302, 305, 306, 308, 311, 312, 314, 315, 316, 319, 321, 335, 336, 340, 342, 343, 346, 348, 349, 350, 352, 358, 359, 360, 361, 363, 371, 372, 376, 378, 379, 382, 384, 385, 386, 388, 389, 390, 391, 393, 407, 408, 412, 414, 415, 418, 419, 420, 422, 423, 424, 427, 428, 430, 451, 452, 456, 458, 459, 462, 463, 464, 466, 467, 468, 470, 471, 472, 474, 496, 497, 501, 502, 504, 505, 508, 509, 511, 512, 514, 515, 516, 518, 535, 538, 539, 541, 542, 544, 545, 548, 551, 554, 556, 559, 560, 565, 567, 568, 571, 572, 573, 575, 583, 584, 586, 588, 589, 592, 593, 594, 595, 596, 597, 600, 601, 602, 604, 605, 607, 613, 616, 617, 619, 621, 622, 624, 626, 628, 630, 632, 633, 634, 639, 641, 648, 652, 653, 655, 656, 658, 659, 662, 663, 664, 665, 667, 669, 670, 672, 674], "excluded_lines": [], "functions": {"parse_date_range": {"executed_lines": [], "summary": {"covered_lines": 0, "num_statements": 13, "percent_covered": 0.0, "percent_covered_display": "0", "missing_lines": 13, "excluded_lines": 0, "percent_statements_covered": 0.0, "percent_statements_covered_display": "0"}, "missing_lines": [86, 88, 89, 90, 91, 92, 93, 94, 95, 96, 97, 100, 102], "excluded_lines": [], "start_line": 77}, "get_insights_engine": {"executed_lines": [], "summary": {"covered_lines": 0, "num_statements": 4, "percent_covered": 0.0, "percent_covered_display": "0", "missing_lines": 4, "excluded_lines": 0, "percent_statements_covered": 0.0, "percent_statements_covered_display": "0"}, "missing_lines": [108, 110, 111, 112], "excluded_lines": [], "start_line": 105}, "get_metrics_analyzer": {"executed_lines": [], "summary": {"covered_lines": 0, "num_statements": 8, "percent_covered": 0.0, "percent_covered_display": "0", "missing_lines": 8, "excluded_lines": 0, "percent_statements_covered": 0.0, "percent_statements_covered_display": "0"}, "missing_lines": [118, 119, 120, 121, 122, 123, 124, 125], "excluded_lines": [], "start_line": 115}, "dashboard_home": {"executed_lines": [], "summary": {"covered_lines": 0, "num_statements": 28, "percent_covered": 0.0, "percent_covered_display": "0", "missing_lines": 28, "excluded_lines": 0, "percent_statements_covered": 0.0, "percent_statements_covered_display": "0"}, "missing_lines": [132, 134, 135, 136, 137, 151, 152, 155, 158, 159, 160, 178, 179, 182, 184, 185, 186, 200, 201, 203, 205, 206, 209, 210, 211, 225, 226, 229], "excluded_lines": [], "start_line": 129}, "get_dashboard_summary": {"executed_lines": [], "summary": {"covered_lines": 0, "num_statements": 12, "percent_covered": 0.0, "percent_covered_display": "0", "missing_lines": 12, "excluded_lines": 0, "percent_statements_covered": 0.0, "percent_statements_covered_display": "0"}, "missing_lines": [238, 240, 242, 253, 256, 259, 260, 261, 262, 263, 266, 281], "excluded_lines": [], "start_line": 233}, "get_patterns_over_time_chart": {"executed_lines": [], "summary": {"covered_lines": 0, "num_statements": 14, "percent_covered": 0.0, "percent_covered_display": "0", "missing_lines": 14, "excluded_lines": 0, "percent_statements_covered": 0.0, "percent_statements_covered_display": "0"}, "missing_lines": [297, 299, 300, 302, 305, 306, 308, 311, 312, 314, 315, 316, 319, 321], "excluded_lines": [], "start_line": 293}, "get_severity_distribution_chart": {"executed_lines": [], "summary": {"covered_lines": 0, "num_statements": 13, "percent_covered": 0.0, "percent_covered_display": "0", "missing_lines": 13, "excluded_lines": 0, "percent_statements_covered": 0.0, "percent_statements_covered_display": "0"}, "missing_lines": [340, 342, 343, 346, 348, 349, 350, 352, 358, 359, 360, 361, 363], "excluded_lines": [], "start_line": 336}, "get_pattern_effectiveness_chart": {"executed_lines": [], "summary": {"covered_lines": 0, "num_statements": 12, "percent_covered": 0.0, "percent_covered_display": "0", "missing_lines": 12, "excluded_lines": 0, "percent_statements_covered": 0.0, "percent_statements_covered_display": "0"}, "missing_lines": [376, 378, 379, 382, 384, 385, 386, 388, 389, 390, 391, 393], "excluded_lines": [], "start_line": 372}, "get_adoption_reduction_chart": {"executed_lines": [], "summary": {"covered_lines": 0, "num_statements": 12, "percent_covered": 0.0, "percent_covered_display": "0", "missing_lines": 12, "excluded_lines": 0, "percent_statements_covered": 0.0, "percent_statements_covered_display": "0"}, "missing_lines": [412, 414, 415, 418, 419, 420, 422, 423, 424, 427, 428, 430], "excluded_lines": [], "start_line": 408}, "get_pattern_roi_chart": {"executed_lines": [], "summary": {"covered_lines": 0, "num_statements": 13, "percent_covered": 0.0, "percent_covered_display": "0", "missing_lines": 13, "excluded_lines": 0, "percent_statements_covered": 0.0, "percent_statements_covered_display": "0"}, "missing_lines": [456, 458, 459, 462, 463, 464, 466, 467, 468, 470, 471, 472, 474], "excluded_lines": [], "start_line": 452}, "get_team_usage_chart": {"executed_lines": [], "summary": {"covered_lines": 0, "num_statements": 13, "percent_covered": 0.0, "percent_covered_display": "0", "missing_lines": 13, "excluded_lines": 0, "percent_statements_covered": 0.0, "percent_statements_covered_display": "0"}, "missing_lines": [501, 502, 504, 505, 508, 509, 511, 512, 514, 515, 516, 518, 535], "excluded_lines": [], "start_line": 497}, "get_insights": {"executed_lines": [], "summary": {"covered_lines": 0, "num_statements": 8, "percent_covered": 0.0, "percent_covered_display": "0", "missing_lines": 8, "excluded_lines": 0, "percent_statements_covered": 0.0, "percent_statements_covered_display": "0"}, "missing_lines": [541, 542, 544, 545, 548, 551, 554, 556], "excluded_lines": [], "start_line": 539}, "export_dashboard_data": {"executed_lines": [], "summary": {"covered_lines": 0, "num_statements": 25, "percent_covered": 0.0, "percent_covered_display": "0", "missing_lines": 25, "excluded_lines": 0, "percent_statements_covered": 0.0, "percent_statements_covered_display": "0"}, "missing_lines": [565, 567, 568, 571, 572, 573, 575, 583, 584, 586, 588, 589, 592, 593, 594, 595, 596, 597, 600, 601, 602, 604, 605, 607, 613], "excluded_lines": [], "start_line": 560}, "export_metrics": {"executed_lines": [], "summary": {"covered_lines": 0, "num_statements": 13, "percent_covered": 0.0, "percent_covered_display": "0", "missing_lines": 13, "excluded_lines": 0, "percent_statements_covered": 0.0, "percent_statements_covered_display": "0"}, "missing_lines": [619, 621, 622, 624, 626, 628, 630, 632, 633, 634, 639, 641, 648], "excluded_lines": [], "start_line": 617}, "serve_static": {"executed_lines": [], "summary": {"covered_lines": 0, "num_statements": 13, "percent_covered": 0.0, "percent_covered_display": "0", "missing_lines": 13, "excluded_lines": 0, "percent_statements_covered": 0.0, "percent_statements_covered_display": "0"}, "missing_lines": [655, 656, 658, 659, 662, 663, 664, 665, 667, 669, 670, 672, 674], "excluded_lines": [], "start_line": 653}, "": {"executed_lines": [], "summary": {"covered_lines": 0, "num_statements": 71, "percent_covered": 0.0, "percent_covered_display": "0", "missing_lines": 71, "excluded_lines": 0, "percent_statements_covered": 0.0, "percent_statements_covered_display": "0"}, "missing_lines": [8, 9, 10, 11, 13, 14, 15, 16, 17, 19, 21, 22, 23, 25, 27, 28, 29, 30, 31, 32, 33, 34, 35, 36, 37, 38, 41, 45, 48, 49, 50, 51, 52, 53, 54, 57, 60, 61, 64, 67, 68, 69, 73, 74, 77, 105, 115, 128, 129, 232, 233, 292, 293, 335, 336, 371, 372, 407, 408, 451, 452, 496, 497, 538, 539, 559, 560, 616, 617, 652, 653], "excluded_lines": [], "start_line": 1}}, "classes": {"DashboardSummary": {"executed_lines": [], "summary": {"covered_lines": 0, "num_statements": 0, "percent_covered": 100.0, "percent_covered_display": "100", "missing_lines": 0, "excluded_lines": 0, "percent_statements_covered": 100.0, "percent_statements_covered_display": "100"}, "missing_lines": [], "excluded_lines": [], "start_line": 45}, "ChartData": {"executed_lines": [], "summary": {"covered_lines": 0, "num_statements": 0, "percent_covered": 100.0, "percent_covered_display": "100", "missing_lines": 0, "excluded_lines": 0, "percent_statements_covered": 100.0, "percent_statements_covered_display": "100"}, "missing_lines": [], "excluded_lines": [], "start_line": 57}, "InsightsResponse": {"executed_lines": [], "summary": {"covered_lines": 0, "num_statements": 0, "percent_covered": 100.0, "percent_covered_display": "100", "missing_lines": 0, "excluded_lines": 0, "percent_statements_covered": 100.0, "percent_statements_covered_display": "100"}, "missing_lines": [], "excluded_lines": [], "start_line": 64}, "": {"executed_lines": [], "summary": {"covered_lines": 0, "num_statements": 272, "percent_covered": 0.0, "percent_covered_display": "0", "missing_lines": 272, "excluded_lines": 0, "percent_statements_covered": 0.0, "percent_statements_covered_display": "0"}, "missing_lines": [8, 9, 10, 11, 13, 14, 15, 16, 17, 19, 21, 22, 23, 25, 27, 28, 29, 30, 31, 32, 33, 34, 35, 36, 37, 38, 41, 45, 48, 49, 50, 51, 52, 53, 54, 57, 60, 61, 64, 67, 68, 69, 73, 74, 77, 86, 88, 89, 90, 91, 92, 93, 94, 95, 96, 97, 100, 102, 105, 108, 110, 111, 112, 115, 118, 119, 120, 121, 122, 123, 124, 125, 128, 129, 132, 134, 135, 136, 137, 151, 152, 155, 158, 159, 160, 178, 179, 182, 184, 185, 186, 200, 201, 203, 205, 206, 209, 210, 211, 225, 226, 229, 232, 233, 238, 240, 242, 253, 256, 259, 260, 261, 262, 263, 266, 281, 292, 293, 297, 299, 300, 302, 305, 306, 308, 311, 312, 314, 315, 316, 319, 321, 335, 336, 340, 342, 343, 346, 348, 349, 350, 352, 358, 359, 360, 361, 363, 371, 372, 376, 378, 379, 382, 384, 385, 386, 388, 389, 390, 391, 393, 407, 408, 412, 414, 415, 418, 419, 420, 422, 423, 424, 427, 428, 430, 451, 452, 456, 458, 459, 462, 463, 464, 466, 467, 468, 470, 471, 472, 474, 496, 497, 501, 502, 504, 505, 508, 509, 511, 512, 514, 515, 516, 518, 535, 538, 539, 541, 542, 544, 545, 548, 551, 554, 556, 559, 560, 565, 567, 568, 571, 572, 573, 575, 583, 584, 586, 588, 589, 592, 593, 594, 595, 596, 597, 600, 601, 602, 604, 605, 607, 613, 616, 617, 619, 621, 622, 624, 626, 628, 630, 632, 633, 634, 639, 641, 648, 652, 653, 655, 656, 658, 659, 662, 663, 664, 665, 667, 669, 670, 672, 674], "excluded_lines": [], "start_line": 1}}}, "src/feedback_loop/api/insights.py": {"executed_lines": [], "summary": {"covered_lines": 0, "num_statements": 86, "percent_covered": 0.0, "percent_covered_display": "0", "missing_lines": 86, "excluded_lines": 0, "percent_statements_covered": 0.0, "percent_statements_covered_display": "0"}, "missing_lines": [7, 9, 10, 12, 13, 16, 19, 22, 25, 27, 28, 29, 30, 31, 32, 33, 34, 35, 36, 37, 38, 39, 43, 46, 47, 48, 49, 52, 55, 56, 57, 58, 61, 64, 65, 66, 67, 68, 71, 74, 75, 76, 77, 78, 79, 80, 83, 86, 87, 88, 89, 92, 93, 95, 96, 97, 100, 101, 103, 104, 105, 108, 109, 111, 112, 113, 116, 117, 119, 120, 121, 124, 125, 127, 128, 129, 132, 133, 135, 136, 137, 140, 141, 143, 144, 145], "excluded_lines": [], "functions": {"get_insights_engine": {"executed_lines": [], "summary": {"covered_lines": 0, "num_statements": 14, "percent_covered": 0.0, "percent_covered_display": "0", "missing_lines": 14, "excluded_lines": 0, "percent_statements_covered": 0.0, "percent_statements_covered_display": "0"}, "missing_lines": [25, 27, 28, 29, 30, 31, 32, 33, 34, 35, 36, 37, 38, 39], "excluded_lines": [], "start_line": 22}, "get_insights": {"executed_lines": [], "summary": {"covered_lines": 0, "num_statements": 3, "percent_covered": 0.0, "percent_covered_display": "0", "missing_lines": 3, "excluded_lines": 0, "percent_statements_covered": 0.0, "percent_statements_covered_display": "0"}, "missing_lines": [95, 96, 97], "excluded_lines": [], "start_line": 93}, "get_recommendations": {"executed_lines": [], "summary": {"covered_lines": 0, "num_statements": 3, "percent_covered": 0.0, "percent_covered_display": "0", "missing_lines": 3, "excluded_lines": 0, "percent_statements_covered": 0.0, "percent_statements_covered_display": "0"}, "missing_lines": [103, 104, 105], "excluded_lines": [], "start_line": 101}, "get_trends": {"executed_lines": [], "summary": {"covered_lines": 0, "num_statements": 3, "percent_covered": 0.0, "percent_covered_display": "0", "missing_lines": 3, "excluded_lines": 0, "percent_statements_covered": 0.0, "percent_statements_covered_display": "0"}, "missing_lines": [111, 112, 113], "excluded_lines": [], "start_line": 109}, "get_pattern_roi": {"executed_lines": [], "summary": {"covered_lines": 0, "num_statements": 3, "percent_covered": 0.0, "percent_covered_display": "0", "missing_lines": 3, "excluded_lines": 0, "percent_statements_covered": 0.0, "percent_statements_covered_display": "0"}, "missing_lines": [119, 120, 121], "excluded_lines": [], "start_line": 117}, "get_team_comparison": {"executed_lines": [], "summary": {"covered_lines": 0, "num_statements": 3, "percent_covered": 0.0, "percent_covered_display": "0", "missing_lines": 3, "excluded_lines": 0, "percent_statements_covered": 0.0, "percent_statements_covered_display": "0"}, "missing_lines": [127, 128, 129], "excluded_lines": [], "start_line": 125}, "get_insights_summary": {"executed_lines": [], "summary": {"covered_lines": 0, "num_statements": 3, "percent_covered": 0.0, "percent_covered_display": "0", "missing_lines": 3, "excluded_lines": 0, "percent_statements_covered": 0.0, "percent_statements_covered_display": "0"}, "missing_lines": [135, 136, 137], "excluded_lines": [], "start_line": 133}, "get_severity_distribution": {"executed_lines": [], "summary": {"covered_lines": 0, "num_statements": 3, "percent_covered": 0.0, "percent_covered_display": "0", "missing_lines": 3, "excluded_lines": 0, "percent_statements_covered": 0.0, "percent_statements_covered_display": "0"}, "missing_lines": [143, 144, 145], "excluded_lines": [], "start_line": 141}, "": {"executed_lines": [], "summary": {"covered_lines": 0, "num_statements": 51, "percent_covered": 0.0, "percent_covered_display": "0", "missing_lines": 51, "excluded_lines": 0, "percent_statements_covered": 0.0, "percent_statements_covered_display": "0"}, "missing_lines": [7, 9, 10, 12, 13, 16, 19, 22, 43, 46, 47, 48, 49, 52, 55, 56, 57, 58, 61, 64, 65, 66, 67, 68, 71, 74, 75, 76, 77, 78, 79, 80, 83, 86, 87, 88, 89, 92, 93, 100, 101, 108, 109, 116, 117, 124, 125, 132, 133, 140, 141], "excluded_lines": [], "start_line": 1}}, "classes": {"InsightResponse": {"executed_lines": [], "summary": {"covered_lines": 0, "num_statements": 0, "percent_covered": 100.0, "percent_covered_display": "100", "missing_lines": 0, "excluded_lines": 0, "percent_statements_covered": 100.0, "percent_statements_covered_display": "100"}, "missing_lines": [], "excluded_lines": [], "start_line": 43}, "RecommendationResponse": {"executed_lines": [], "summary": {"covered_lines": 0, "num_statements": 0, "percent_covered": 100.0, "percent_covered_display": "100", "missing_lines": 0, "excluded_lines": 0, "percent_statements_covered": 100.0, "percent_statements_covered_display": "100"}, "missing_lines": [], "excluded_lines": [], "start_line": 52}, "TrendResponse": {"executed_lines": [], "summary": {"covered_lines": 0, "num_statements": 0, "percent_covered": 100.0, "percent_covered_display": "100", "missing_lines": 0, "excluded_lines": 0, "percent_statements_covered": 100.0, "percent_statements_covered_display": "100"}, "missing_lines": [], "excluded_lines": [], "start_line": 61}, "ROIResponse": {"executed_lines": [], "summary": {"covered_lines": 0, "num_statements": 0, "percent_covered": 100.0, "percent_covered_display": "100", "missing_lines": 0, "excluded_lines": 0, "percent_statements_covered": 100.0, "percent_statements_covered_display": "100"}, "missing_lines": [], "excluded_lines": [], "start_line": 71}, "TeamComparisonResponse": {"executed_lines": [], "summary": {"covered_lines": 0, "num_statements": 0, "percent_covered": 100.0, "percent_covered_display": "100", "missing_lines": 0, "excluded_lines": 0, "percent_statements_covered": 100.0, "percent_statements_covered_display": "100"}, "missing_lines": [], "excluded_lines": [], "start_line": 83}, "": {"executed_lines": [], "summary": {"covered_lines": 0, "num_statements": 86, "percent_covered": 0.0, "percent_covered_display": "0", "missing_lines": 86, "excluded_lines": 0, "percent_statements_covered": 0.0, "percent_statements_covered_display": "0"}, "missing_lines": [7, 9, 10, 12, 13, 16, 19, 22, 25, 27, 28, 29, 30, 31, 32, 33, 34, 35, 36, 37, 38, 39, 43, 46, 47, 48, 49, 52, 55, 56, 57, 58, 61, 64, 65, 66, 67, 68, 71, 74, 75, 76, 77, 78, 79, 80, 83, 86, 87, 88, 89, 92, 93, 95, 96, 97, 100, 101, 103, 104, 105, 108, 109, 111, 112, 113, 116, 117, 119, 120, 121, 124, 125, 127, 128, 129, 132, 133, 135, 136, 137, 140, 141, 143, 144, 145], "excluded_lines": [], "start_line": 1}}}, "src/feedback_loop/api/main.py": {"executed_lines": [], "summary": {"covered_lines": 0, "num_statements": 244, "percent_covered": 0.0, "percent_covered_display": "0", "missing_lines": 244, "excluded_lines": 0, "percent_statements_covered": 0.0, "percent_statements_covered_display": "0"}, "missing_lines": [8, 9, 10, 11, 12, 13, 14, 16, 17, 18, 19, 20, 23, 24, 25, 26, 28, 29, 30, 32, 34, 37, 40, 43, 46, 47, 51, 54, 65, 71, 73, 75, 78, 79, 80, 81, 86, 88, 91, 94, 102, 110, 111, 115, 117, 119, 120, 123, 126, 129, 130, 131, 132, 135, 136, 138, 139, 140, 143, 144, 148, 149, 150, 151, 152, 153, 157, 158, 166, 169, 170, 173, 176, 177, 178, 179, 180, 181, 184, 187, 188, 189, 190, 191, 194, 197, 198, 199, 200, 201, 202, 203, 206, 209, 212, 215, 216, 217, 218, 221, 224, 225, 226, 227, 237, 238, 239, 240, 248, 250, 251, 254, 260, 263, 269, 272, 276, 279, 280, 281, 286, 289, 291, 292, 293, 301, 302, 304, 306, 309, 310, 312, 313, 314, 315, 316, 323, 329, 330, 331, 339, 340, 347, 348, 349, 350, 351, 353, 354, 359, 360, 365, 368, 378, 380, 389, 390, 393, 394, 395, 399, 400, 405, 406, 407, 410, 411, 423, 425, 436, 437, 439, 440, 441, 443, 454, 455, 461, 462, 465, 466, 468, 469, 471, 472, 473, 474, 477, 478, 480, 481, 489, 492, 493, 494, 496, 497, 499, 507, 508, 514, 516, 518, 526, 527, 533, 536, 546, 548, 556, 557, 563, 565, 567, 575, 576, 583, 584, 586, 588, 596, 597, 598, 599, 601, 603, 610, 611, 612, 623, 624, 626, 628, 640, 643, 644, 646, 648, 649, 651, 653, 660, 661, 663], "excluded_lines": [], "functions": {"get_persistence": {"executed_lines": [], "summary": {"covered_lines": 0, "num_statements": 3, "percent_covered": 0.0, "percent_covered_display": "0", "missing_lines": 3, "excluded_lines": 0, "percent_statements_covered": 0.0, "percent_statements_covered_display": "0"}, "missing_lines": [46, 47, 51], "excluded_lines": [], "start_line": 43}, "parse_allowed_origins": {"executed_lines": [], "summary": {"covered_lines": 0, "num_statements": 9, "percent_covered": 0.0, "percent_covered_display": "0", "missing_lines": 9, "excluded_lines": 0, "percent_statements_covered": 0.0, "percent_statements_covered_display": "0"}, "missing_lines": [71, 73, 75, 78, 79, 80, 81, 86, 88], "excluded_lines": [], "start_line": 65}, "startup_event": {"executed_lines": [], "summary": {"covered_lines": 0, "num_statements": 15, "percent_covered": 0.0, "percent_covered_display": "0", "missing_lines": 15, "excluded_lines": 0, "percent_statements_covered": 0.0, "percent_statements_covered_display": "0"}, "missing_lines": [115, 117, 119, 120, 123, 126, 129, 130, 131, 132, 135, 136, 138, 139, 140], "excluded_lines": [], "start_line": 111}, "shutdown_event": {"executed_lines": [], "summary": {"covered_lines": 0, "num_statements": 6, "percent_covered": 0.0, "percent_covered_display": "0", "missing_lines": 6, "excluded_lines": 0, "percent_statements_covered": 0.0, "percent_statements_covered_display": "0"}, "missing_lines": [148, 149, 150, 151, 152, 153], "excluded_lines": [], "start_line": 144}, "create_api_key": {"executed_lines": [], "summary": {"covered_lines": 0, "num_statements": 2, "percent_covered": 0.0, "percent_covered_display": "0", "missing_lines": 2, "excluded_lines": 0, "percent_statements_covered": 0.0, "percent_statements_covered_display": "0"}, "missing_lines": [250, 251], "excluded_lines": [], "start_line": 248}, "hash_password": {"executed_lines": [], "summary": {"covered_lines": 0, "num_statements": 1, "percent_covered": 0.0, "percent_covered_display": "0", "missing_lines": 1, "excluded_lines": 0, "percent_statements_covered": 0.0, "percent_statements_covered_display": "0"}, "missing_lines": [260], "excluded_lines": [], "start_line": 254}, "verify_password": {"executed_lines": [], "summary": {"covered_lines": 0, "num_statements": 1, "percent_covered": 0.0, "percent_covered_display": "0", "missing_lines": 1, "excluded_lines": 0, "percent_statements_covered": 0.0, "percent_statements_covered_display": "0"}, "missing_lines": [269], "excluded_lines": [], "start_line": 263}, "get_current_user": {"executed_lines": [], "summary": {"covered_lines": 0, "num_statements": 5, "percent_covered": 0.0, "percent_covered_display": "0", "missing_lines": 5, "excluded_lines": 0, "percent_statements_covered": 0.0, "percent_statements_covered_display": "0"}, "missing_lines": [276, 279, 280, 281, 286], "excluded_lines": [], "start_line": 272}, "require_admin": {"executed_lines": [], "summary": {"covered_lines": 0, "num_statements": 3, "percent_covered": 0.0, "percent_covered_display": "0", "missing_lines": 3, "excluded_lines": 0, "percent_statements_covered": 0.0, "percent_statements_covered_display": "0"}, "missing_lines": [291, 292, 293], "excluded_lines": [], "start_line": 289}, "root": {"executed_lines": [], "summary": {"covered_lines": 0, "num_statements": 2, "percent_covered": 0.0, "percent_covered_display": "0", "missing_lines": 2, "excluded_lines": 0, "percent_statements_covered": 0.0, "percent_statements_covered_display": "0"}, "missing_lines": [304, 306], "excluded_lines": [], "start_line": 302}, "health_check": {"executed_lines": [], "summary": {"covered_lines": 0, "num_statements": 9, "percent_covered": 0.0, "percent_covered_display": "0", "missing_lines": 9, "excluded_lines": 0, "percent_statements_covered": 0.0, "percent_statements_covered_display": "0"}, "missing_lines": [312, 313, 314, 315, 316, 323, 329, 330, 331], "excluded_lines": [], "start_line": 310}, "login": {"executed_lines": [], "summary": {"covered_lines": 0, "num_statements": 13, "percent_covered": 0.0, "percent_covered_display": "0", "missing_lines": 13, "excluded_lines": 0, "percent_statements_covered": 0.0, "percent_statements_covered_display": "0"}, "missing_lines": [347, 348, 349, 350, 351, 353, 354, 359, 360, 365, 368, 378, 380], "excluded_lines": [], "start_line": 340}, "register": {"executed_lines": [], "summary": {"covered_lines": 0, "num_statements": 12, "percent_covered": 0.0, "percent_covered_display": "0", "missing_lines": 12, "excluded_lines": 0, "percent_statements_covered": 0.0, "percent_statements_covered_display": "0"}, "missing_lines": [393, 394, 395, 399, 400, 405, 406, 407, 410, 411, 423, 425], "excluded_lines": [], "start_line": 390}, "get_current_user_info": {"executed_lines": [], "summary": {"covered_lines": 0, "num_statements": 4, "percent_covered": 0.0, "percent_covered_display": "0", "missing_lines": 4, "excluded_lines": 0, "percent_statements_covered": 0.0, "percent_statements_covered_display": "0"}, "missing_lines": [439, 440, 441, 443], "excluded_lines": [], "start_line": 437}, "sync_patterns": {"executed_lines": [], "summary": {"covered_lines": 0, "num_statements": 21, "percent_covered": 0.0, "percent_covered_display": "0", "missing_lines": 21, "excluded_lines": 0, "percent_statements_covered": 0.0, "percent_statements_covered_display": "0"}, "missing_lines": [461, 462, 465, 466, 468, 469, 471, 472, 473, 474, 477, 478, 480, 481, 489, 492, 493, 494, 496, 497, 499], "excluded_lines": [], "start_line": 455}, "pull_patterns": {"executed_lines": [], "summary": {"covered_lines": 0, "num_statements": 3, "percent_covered": 0.0, "percent_covered_display": "0", "missing_lines": 3, "excluded_lines": 0, "percent_statements_covered": 0.0, "percent_statements_covered_display": "0"}, "missing_lines": [514, 516, 518], "excluded_lines": [], "start_line": 508}, "get_config": {"executed_lines": [], "summary": {"covered_lines": 0, "num_statements": 4, "percent_covered": 0.0, "percent_covered_display": "0", "missing_lines": 4, "excluded_lines": 0, "percent_statements_covered": 0.0, "percent_statements_covered_display": "0"}, "missing_lines": [533, 536, 546, 548], "excluded_lines": [], "start_line": 527}, "update_config": {"executed_lines": [], "summary": {"covered_lines": 0, "num_statements": 3, "percent_covered": 0.0, "percent_covered_display": "0", "missing_lines": 3, "excluded_lines": 0, "percent_statements_covered": 0.0, "percent_statements_covered_display": "0"}, "missing_lines": [563, 565, 567], "excluded_lines": [], "start_line": 557}, "submit_metrics": {"executed_lines": [], "summary": {"covered_lines": 0, "num_statements": 13, "percent_covered": 0.0, "percent_covered_display": "0", "missing_lines": 13, "excluded_lines": 0, "percent_statements_covered": 0.0, "percent_statements_covered_display": "0"}, "missing_lines": [583, 584, 586, 588, 596, 597, 598, 599, 601, 603, 610, 611, 612], "excluded_lines": [], "start_line": 576}, "list_users": {"executed_lines": [], "summary": {"covered_lines": 0, "num_statements": 3, "percent_covered": 0.0, "percent_covered_display": "0", "missing_lines": 3, "excluded_lines": 0, "percent_statements_covered": 0.0, "percent_statements_covered_display": "0"}, "missing_lines": [626, 628, 640], "excluded_lines": [], "start_line": 624}, "delete_pattern": {"executed_lines": [], "summary": {"covered_lines": 0, "num_statements": 5, "percent_covered": 0.0, "percent_covered_display": "0", "missing_lines": 5, "excluded_lines": 0, "percent_statements_covered": 0.0, "percent_statements_covered_display": "0"}, "missing_lines": [646, 648, 649, 651, 653], "excluded_lines": [], "start_line": 644}, "": {"executed_lines": [], "summary": {"covered_lines": 0, "num_statements": 107, "percent_covered": 0.0, "percent_covered_display": "0", "missing_lines": 107, "excluded_lines": 0, "percent_statements_covered": 0.0, "percent_statements_covered_display": "0"}, "missing_lines": [8, 9, 10, 11, 12, 13, 14, 16, 17, 18, 19, 20, 23, 24, 25, 26, 28, 29, 30, 32, 34, 37, 40, 43, 54, 65, 91, 94, 102, 110, 111, 143, 144, 157, 158, 166, 169, 170, 173, 176, 177, 178, 179, 180, 181, 184, 187, 188, 189, 190, 191, 194, 197, 198, 199, 200, 201, 202, 203, 206, 209, 212, 215, 216, 217, 218, 221, 224, 225, 226, 227, 237, 238, 239, 240, 248, 254, 263, 272, 289, 301, 302, 309, 310, 339, 340, 389, 390, 436, 437, 454, 455, 507, 508, 526, 527, 556, 557, 575, 576, 623, 624, 643, 644, 660, 661, 663], "excluded_lines": [], "start_line": 1}}, "classes": {"LoginRequest": {"executed_lines": [], "summary": {"covered_lines": 0, "num_statements": 0, "percent_covered": 100.0, "percent_covered_display": "100", "missing_lines": 0, "excluded_lines": 0, "percent_statements_covered": 100.0, "percent_statements_covered_display": "100"}, "missing_lines": [], "excluded_lines": [], "start_line": 166}, "LoginResponse": {"executed_lines": [], "summary": {"covered_lines": 0, "num_statements": 0, "percent_covered": 100.0, "percent_covered_display": "100", "missing_lines": 0, "excluded_lines": 0, "percent_statements_covered": 100.0, "percent_statements_covered_display": "100"}, "missing_lines": [], "excluded_lines": [], "start_line": 173}, "UserCreate": {"executed_lines": [], "summary": {"covered_lines": 0, "num_statements": 0, "percent_covered": 100.0, "percent_covered_display": "100", "missing_lines": 0, "excluded_lines": 0, "percent_statements_covered": 100.0, "percent_statements_covered_display": "100"}, "missing_lines": [], "excluded_lines": [], "start_line": 184}, "UserResponse": {"executed_lines": [], "summary": {"covered_lines": 0, "num_statements": 0, "percent_covered": 100.0, "percent_covered_display": "100", "missing_lines": 0, "excluded_lines": 0, "percent_statements_covered": 100.0, "percent_statements_covered_display": "100"}, "missing_lines": [], "excluded_lines": [], "start_line": 194}, "PatternSync": {"executed_lines": [], "summary": {"covered_lines": 0, "num_statements": 0, "percent_covered": 100.0, "percent_covered_display": "100", "missing_lines": 0, "excluded_lines": 0, "percent_statements_covered": 100.0, "percent_statements_covered_display": "100"}, "missing_lines": [], "excluded_lines": [], "start_line": 206}, "PatternSyncResponse": {"executed_lines": [], "summary": {"covered_lines": 0, "num_statements": 0, "percent_covered": 100.0, "percent_covered_display": "100", "missing_lines": 0, "excluded_lines": 0, "percent_statements_covered": 100.0, "percent_statements_covered_display": "100"}, "missing_lines": [], "excluded_lines": [], "start_line": 212}, "ConfigResponse": {"executed_lines": [], "summary": {"covered_lines": 0, "num_statements": 0, "percent_covered": 100.0, "percent_covered_display": "100", "missing_lines": 0, "excluded_lines": 0, "percent_statements_covered": 100.0, "percent_statements_covered_display": "100"}, "missing_lines": [], "excluded_lines": [], "start_line": 221}, "": {"executed_lines": [], "summary": {"covered_lines": 0, "num_statements": 244, "percent_covered": 0.0, "percent_covered_display": "0", "missing_lines": 244, "excluded_lines": 0, "percent_statements_covered": 0.0, "percent_statements_covered_display": "0"}, "missing_lines": [8, 9, 10, 11, 12, 13, 14, 16, 17, 18, 19, 20, 23, 24, 25, 26, 28, 29, 30, 32, 34, 37, 40, 43, 46, 47, 51, 54, 65, 71, 73, 75, 78, 79, 80, 81, 86, 88, 91, 94, 102, 110, 111, 115, 117, 119, 120, 123, 126, 129, 130, 131, 132, 135, 136, 138, 139, 140, 143, 144, 148, 149, 150, 151, 152, 153, 157, 158, 166, 169, 170, 173, 176, 177, 178, 179, 180, 181, 184, 187, 188, 189, 190, 191, 194, 197, 198, 199, 200, 201, 202, 203, 206, 209, 212, 215, 216, 217, 218, 221, 224, 225, 226, 227, 237, 238, 239, 240, 248, 250, 251, 254, 260, 263, 269, 272, 276, 279, 280, 281, 286, 289, 291, 292, 293, 301, 302, 304, 306, 309, 310, 312, 313, 314, 315, 316, 323, 329, 330, 331, 339, 340, 347, 348, 349, 350, 351, 353, 354, 359, 360, 365, 368, 378, 380, 389, 390, 393, 394, 395, 399, 400, 405, 406, 407, 410, 411, 423, 425, 436, 437, 439, 440, 441, 443, 454, 455, 461, 462, 465, 466, 468, 469, 471, 472, 473, 474, 477, 478, 480, 481, 489, 492, 493, 494, 496, 497, 499, 507, 508, 514, 516, 518, 526, 527, 533, 536, 546, 548, 556, 557, 563, 565, 567, 575, 576, 583, 584, 586, 588, 596, 597, 598, 599, 601, 603, 610, 611, 612, 623, 624, 626, 628, 640, 643, 644, 646, 648, 649, 651, 653, 660, 661, 663], "excluded_lines": [], "start_line": 1}}}, "src/feedback_loop/api/models.py": {"executed_lines": [], "summary": {"covered_lines": 0, "num_statements": 141, "percent_covered": 0.0, "percent_covered_display": "0", "missing_lines": 141, "excluded_lines": 0, "percent_statements_covered": 0.0, "percent_statements_covered_display": "0"}, "missing_lines": [8, 9, 10, 12, 13, 14, 15, 16, 18, 21, 24, 25, 26, 29, 32, 33, 34, 38, 48, 51, 53, 54, 55, 56, 59, 62, 63, 66, 67, 68, 70, 71, 74, 77, 79, 80, 81, 82, 83, 86, 89, 90, 93, 94, 95, 97, 98, 101, 104, 106, 107, 110, 111, 112, 113, 116, 117, 120, 121, 122, 125, 126, 129, 130, 131, 134, 135, 136, 137, 139, 140, 143, 146, 148, 149, 150, 151, 154, 155, 156, 157, 160, 161, 162, 165, 166, 167, 170, 171, 174, 175, 178, 179, 180, 183, 184, 185, 186, 188, 189, 192, 195, 197, 198, 201, 202, 203, 206, 207, 210, 211, 214, 217, 219, 220, 223, 226, 228, 229, 230, 233, 234, 235, 238, 241, 242, 244, 245, 248, 251, 253, 254, 255, 256, 259, 262, 265, 266, 269, 271, 272], "excluded_lines": [], "functions": {"Organization.__repr__": {"executed_lines": [], "summary": {"covered_lines": 0, "num_statements": 1, "percent_covered": 0.0, "percent_covered_display": "0", "missing_lines": 1, "excluded_lines": 0, "percent_statements_covered": 0.0, "percent_statements_covered_display": "0"}, "missing_lines": [71], "excluded_lines": [], "start_line": 70}, "Team.__repr__": {"executed_lines": [], "summary": {"covered_lines": 0, "num_statements": 1, "percent_covered": 0.0, "percent_covered_display": "0", "missing_lines": 1, "excluded_lines": 0, "percent_statements_covered": 0.0, "percent_statements_covered_display": "0"}, "missing_lines": [98], "excluded_lines": [], "start_line": 97}, "User.__repr__": {"executed_lines": [], "summary": {"covered_lines": 0, "num_statements": 1, "percent_covered": 0.0, "percent_covered_display": "0", "missing_lines": 1, "excluded_lines": 0, "percent_statements_covered": 0.0, "percent_statements_covered_display": "0"}, "missing_lines": [140], "excluded_lines": [], "start_line": 139}, "Pattern.__repr__": {"executed_lines": [], "summary": {"covered_lines": 0, "num_statements": 1, "percent_covered": 0.0, "percent_covered_display": "0", "missing_lines": 1, "excluded_lines": 0, "percent_statements_covered": 0.0, "percent_statements_covered_display": "0"}, "missing_lines": [189], "excluded_lines": [], "start_line": 188}, "AuditLog.__repr__": {"executed_lines": [], "summary": {"covered_lines": 0, "num_statements": 1, "percent_covered": 0.0, "percent_covered_display": "0", "missing_lines": 1, "excluded_lines": 0, "percent_statements_covered": 0.0, "percent_statements_covered_display": "0"}, "missing_lines": [220], "excluded_lines": [], "start_line": 219}, "Config.__repr__": {"executed_lines": [], "summary": {"covered_lines": 0, "num_statements": 1, "percent_covered": 0.0, "percent_covered_display": "0", "missing_lines": 1, "excluded_lines": 0, "percent_statements_covered": 0.0, "percent_statements_covered_display": "0"}, "missing_lines": [245], "excluded_lines": [], "start_line": 244}, "Metric.__repr__": {"executed_lines": [], "summary": {"covered_lines": 0, "num_statements": 1, "percent_covered": 0.0, "percent_covered_display": "0", "missing_lines": 1, "excluded_lines": 0, "percent_statements_covered": 0.0, "percent_statements_covered_display": "0"}, "missing_lines": [272], "excluded_lines": [], "start_line": 271}, "": {"executed_lines": [], "summary": {"covered_lines": 0, "num_statements": 134, "percent_covered": 0.0, "percent_covered_display": "0", "missing_lines": 134, "excluded_lines": 0, "percent_statements_covered": 0.0, "percent_statements_covered_display": "0"}, "missing_lines": [8, 9, 10, 12, 13, 14, 15, 16, 18, 21, 24, 25, 26, 29, 32, 33, 34, 38, 48, 51, 53, 54, 55, 56, 59, 62, 63, 66, 67, 68, 70, 74, 77, 79, 80, 81, 82, 83, 86, 89, 90, 93, 94, 95, 97, 101, 104, 106, 107, 110, 111, 112, 113, 116, 117, 120, 121, 122, 125, 126, 129, 130, 131, 134, 135, 136, 137, 139, 143, 146, 148, 149, 150, 151, 154, 155, 156, 157, 160, 161, 162, 165, 166, 167, 170, 171, 174, 175, 178, 179, 180, 183, 184, 185, 186, 188, 192, 195, 197, 198, 201, 202, 203, 206, 207, 210, 211, 214, 217, 219, 223, 226, 228, 229, 230, 233, 234, 235, 238, 241, 242, 244, 248, 251, 253, 254, 255, 256, 259, 262, 265, 266, 269, 271], "excluded_lines": [], "start_line": 1}}, "classes": {"UserRole": {"executed_lines": [], "summary": {"covered_lines": 0, "num_statements": 0, "percent_covered": 100.0, "percent_covered_display": "100", "missing_lines": 0, "excluded_lines": 0, "percent_statements_covered": 100.0, "percent_statements_covered_display": "100"}, "missing_lines": [], "excluded_lines": [], "start_line": 21}, "SubscriptionTier": {"executed_lines": [], "summary": {"covered_lines": 0, "num_statements": 0, "percent_covered": 100.0, "percent_covered_display": "100", "missing_lines": 0, "excluded_lines": 0, "percent_statements_covered": 100.0, "percent_statements_covered_display": "100"}, "missing_lines": [], "excluded_lines": [], "start_line": 29}, "Organization": {"executed_lines": [], "summary": {"covered_lines": 0, "num_statements": 1, "percent_covered": 0.0, "percent_covered_display": "0", "missing_lines": 1, "excluded_lines": 0, "percent_statements_covered": 0.0, "percent_statements_covered_display": "0"}, "missing_lines": [71], "excluded_lines": [], "start_line": 48}, "Team": {"executed_lines": [], "summary": {"covered_lines": 0, "num_statements": 1, "percent_covered": 0.0, "percent_covered_display": "0", "missing_lines": 1, "excluded_lines": 0, "percent_statements_covered": 0.0, "percent_statements_covered_display": "0"}, "missing_lines": [98], "excluded_lines": [], "start_line": 74}, "User": {"executed_lines": [], "summary": {"covered_lines": 0, "num_statements": 1, "percent_covered": 0.0, "percent_covered_display": "0", "missing_lines": 1, "excluded_lines": 0, "percent_statements_covered": 0.0, "percent_statements_covered_display": "0"}, "missing_lines": [140], "excluded_lines": [], "start_line": 101}, "Pattern": {"executed_lines": [], "summary": {"covered_lines": 0, "num_statements": 1, "percent_covered": 0.0, "percent_covered_display": "0", "missing_lines": 1, "excluded_lines": 0, "percent_statements_covered": 0.0, "percent_statements_covered_display": "0"}, "missing_lines": [189], "excluded_lines": [], "start_line": 143}, "AuditLog": {"executed_lines": [], "summary": {"covered_lines": 0, "num_statements": 1, "percent_covered": 0.0, "percent_covered_display": "0", "missing_lines": 1, "excluded_lines": 0, "percent_statements_covered": 0.0, "percent_statements_covered_display": "0"}, "missing_lines": [220], "excluded_lines": [], "start_line": 192}, "Config": {"executed_lines": [], "summary": {"covered_lines": 0, "num_statements": 1, "percent_covered": 0.0, "percent_covered_display": "0", "missing_lines": 1, "excluded_lines": 0, "percent_statements_covered": 0.0, "percent_statements_covered_display": "0"}, "missing_lines": [245], "excluded_lines": [], "start_line": 223}, "Metric": {"executed_lines": [], "summary": {"covered_lines": 0, "num_statements": 1, "percent_covered": 0.0, "percent_covered_display": "0", "missing_lines": 1, "excluded_lines": 0, "percent_statements_covered": 0.0, "percent_statements_covered_display": "0"}, "missing_lines": [272], "excluded_lines": [], "start_line": 248}, "": {"executed_lines": [], "summary": {"covered_lines": 0, "num_statements": 134, "percent_covered": 0.0, "percent_covered_display": "0", "missing_lines": 134, "excluded_lines": 0, "percent_statements_covered": 0.0, "percent_statements_covered_display": "0"}, "missing_lines": [8, 9, 10, 12, 13, 14, 15, 16, 18, 21, 24, 25, 26, 29, 32, 33, 34, 38, 48, 51, 53, 54, 55, 56, 59, 62, 63, 66, 67, 68, 70, 74, 77, 79, 80, 81, 82, 83, 86, 89, 90, 93, 94, 95, 97, 101, 104, 106, 107, 110, 111, 112, 113, 116, 117, 120, 121, 122, 125, 126, 129, 130, 131, 134, 135, 136, 137, 139, 143, 146, 148, 149, 150, 151, 154, 155, 156, 157, 160, 161, 162, 165, 166, 167, 170, 171, 174, 175, 178, 179, 180, 183, 184, 185, 186, 188, 192, 195, 197, 198, 201, 202, 203, 206, 207, 210, 211, 214, 217, 219, 223, 226, 228, 229, 230, 233, 234, 235, 238, 241, 242, 244, 248, 251, 253, 254, 255, 256, 259, 262, 265, 266, 269, 271], "excluded_lines": [], "start_line": 1}}}, "src/feedback_loop/cli/__init__.py": {"executed_lines": [], "summary": {"covered_lines": 0, "num_statements": 1, "percent_covered": 0.0, "percent_covered_display": "0", "missing_lines": 1, "excluded_lines": 0, "percent_statements_covered": 0.0, "percent_statements_covered_display": "0"}, "missing_lines": [7], "excluded_lines": [], "functions": {"": {"executed_lines": [], "summary": {"covered_lines": 0, "num_statements": 1, "percent_covered": 0.0, "percent_covered_display": "0", "missing_lines": 1, "excluded_lines": 0, "percent_statements_covered": 0.0, "percent_statements_covered_display": "0"}, "missing_lines": [7], "excluded_lines": [], "start_line": 1}}, "classes": {"": {"executed_lines": [], "summary": {"covered_lines": 0, "num_statements": 1, "percent_covered": 0.0, "percent_covered_display": "0", "missing_lines": 1, "excluded_lines": 0, "percent_statements_covered": 0.0, "percent_statements_covered_display": "0"}, "missing_lines": [7], "excluded_lines": [], "start_line": 1}}}, "src/feedback_loop/cli/commands/__init__.py": {"executed_lines": [], "summary": {"covered_lines": 0, "num_statements": 0, "percent_covered": 100.0, "percent_covered_display": "100", "missing_lines": 0, "excluded_lines": 0, "percent_statements_covered": 100.0, "percent_statements_covered_display": "100"}, "missing_lines": [], "excluded_lines": [], "functions": {"": {"executed_lines": [], "summary": {"covered_lines": 0, "num_statements": 0, "percent_covered": 100.0, "percent_covered_display": "100", "missing_lines": 0, "excluded_lines": 0, "percent_statements_covered": 100.0, "percent_statements_covered_display": "100"}, "missing_lines": [], "excluded_lines": [], "start_line": 1}}, "classes": {"": {"executed_lines": [], "summary": {"covered_lines": 0, "num_statements": 0, "percent_covered": 100.0, "percent_covered_display": "100", "missing_lines": 0, "excluded_lines": 0, "percent_statements_covered": 100.0, "percent_statements_covered_display": "100"}, "missing_lines": [], "excluded_lines": [], "start_line": 1}}}, "src/feedback_loop/cli/commands/analyze.py": {"executed_lines": [], "summary": {"covered_lines": 0, "num_statements": 117, "percent_covered": 0.0, "percent_covered_display": "0", "missing_lines": 117, "excluded_lines": 0, "percent_statements_covered": 0.0, "percent_statements_covered_display": "0"}, "missing_lines": [7, 8, 9, 10, 12, 13, 14, 15, 18, 19, 22, 23, 24, 25, 26, 27, 46, 48, 51, 52, 53, 56, 58, 59, 60, 61, 62, 63, 64, 65, 66, 68, 69, 70, 71, 72, 73, 74, 75, 77, 78, 81, 82, 83, 84, 85, 86, 87, 89, 90, 93, 94, 97, 98, 103, 105, 106, 107, 109, 112, 115, 116, 117, 118, 119, 120, 122, 123, 130, 133, 134, 135, 136, 139, 140, 141, 142, 143, 144, 146, 148, 153, 154, 156, 158, 160, 161, 162, 163, 164, 165, 167, 170, 171, 173, 174, 175, 177, 178, 183, 184, 186, 187, 188, 190, 191, 192, 193, 194, 195, 196, 197, 199, 200, 202, 203, 204], "excluded_lines": [], "functions": {"analyze": {"executed_lines": [], "summary": {"covered_lines": 0, "num_statements": 101, "percent_covered": 0.0, "percent_covered_display": "0", "missing_lines": 101, "excluded_lines": 0, "percent_statements_covered": 0.0, "percent_statements_covered_display": "0"}, "missing_lines": [46, 48, 51, 52, 53, 56, 58, 59, 60, 61, 62, 63, 64, 65, 66, 68, 69, 70, 71, 72, 73, 74, 75, 77, 78, 81, 82, 83, 84, 85, 86, 87, 89, 90, 93, 94, 97, 98, 103, 105, 106, 107, 109, 112, 115, 116, 117, 118, 119, 120, 122, 123, 130, 133, 134, 135, 136, 139, 140, 141, 142, 143, 144, 146, 148, 153, 154, 156, 158, 160, 161, 162, 163, 164, 165, 167, 170, 171, 173, 174, 175, 177, 178, 183, 184, 186, 187, 188, 190, 191, 192, 193, 194, 195, 196, 197, 199, 200, 202, 203, 204], "excluded_lines": [], "start_line": 27}, "": {"executed_lines": [], "summary": {"covered_lines": 0, "num_statements": 16, "percent_covered": 0.0, "percent_covered_display": "0", "missing_lines": 16, "excluded_lines": 0, "percent_statements_covered": 0.0, "percent_statements_covered_display": "0"}, "missing_lines": [7, 8, 9, 10, 12, 13, 14, 15, 18, 19, 22, 23, 24, 25, 26, 27], "excluded_lines": [], "start_line": 1}}, "classes": {"": {"executed_lines": [], "summary": {"covered_lines": 0, "num_statements": 117, "percent_covered": 0.0, "percent_covered_display": "0", "missing_lines": 117, "excluded_lines": 0, "percent_statements_covered": 0.0, "percent_statements_covered_display": "0"}, "missing_lines": [7, 8, 9, 10, 12, 13, 14, 15, 18, 19, 22, 23, 24, 25, 26, 27, 46, 48, 51, 52, 53, 56, 58, 59, 60, 61, 62, 63, 64, 65, 66, 68, 69, 70, 71, 72, 73, 74, 75, 77, 78, 81, 82, 83, 84, 85, 86, 87, 89, 90, 93, 94, 97, 98, 103, 105, 106, 107, 109, 112, 115, 116, 117, 118, 119, 120, 122, 123, 130, 133, 134, 135, 136, 139, 140, 141, 142, 143, 144, 146, 148, 153, 154, 156, 158, 160, 161, 162, 163, 164, 165, 167, 170, 171, 173, 174, 175, 177, 178, 183, 184, 186, 187, 188, 190, 191, 192, 193, 194, 195, 196, 197, 199, 200, 202, 203, 204], "excluded_lines": [], "start_line": 1}}}, "src/feedback_loop/cli/commands/chat.py": {"executed_lines": [], "summary": {"covered_lines": 0, "num_statements": 18, "percent_covered": 0.0, "percent_covered_display": "0", "missing_lines": 18, "excluded_lines": 0, "percent_statements_covered": 0.0, "percent_statements_covered_display": "0"}, "missing_lines": [7, 8, 10, 11, 14, 15, 18, 19, 20, 31, 34, 35, 36, 38, 39, 40, 41, 42], "excluded_lines": [], "functions": {"chat": {"executed_lines": [], "summary": {"covered_lines": 0, "num_statements": 9, "percent_covered": 0.0, "percent_covered_display": "0", "missing_lines": 9, "excluded_lines": 0, "percent_statements_covered": 0.0, "percent_statements_covered_display": "0"}, "missing_lines": [31, 34, 35, 36, 38, 39, 40, 41, 42], "excluded_lines": [], "start_line": 20}, "": {"executed_lines": [], "summary": {"covered_lines": 0, "num_statements": 9, "percent_covered": 0.0, "percent_covered_display": "0", "missing_lines": 9, "excluded_lines": 0, "percent_statements_covered": 0.0, "percent_statements_covered_display": "0"}, "missing_lines": [7, 8, 10, 11, 14, 15, 18, 19, 20], "excluded_lines": [], "start_line": 1}}, "classes": {"": {"executed_lines": [], "summary": {"covered_lines": 0, "num_statements": 18, "percent_covered": 0.0, "percent_covered_display": "0", "missing_lines": 18, "excluded_lines": 0, "percent_statements_covered": 0.0, "percent_statements_covered_display": "0"}, "missing_lines": [7, 8, 10, 11, 14, 15, 18, 19, 20, 31, 34, 35, 36, 38, 39, 40, 41, 42], "excluded_lines": [], "start_line": 1}}}, "src/feedback_loop/cli/commands/config.py": {"executed_lines": [], "summary": {"covered_lines": 0, "num_statements": 88, "percent_covered": 0.0, "percent_covered_display": "0", "missing_lines": 88, "excluded_lines": 0, "percent_statements_covered": 0.0, "percent_statements_covered_display": "0"}, "missing_lines": [7, 8, 9, 11, 12, 13, 16, 17, 20, 21, 22, 23, 24, 25, 47, 49, 51, 52, 53, 54, 56, 59, 60, 61, 64, 65, 66, 69, 70, 71, 72, 73, 74, 77, 78, 81, 82, 83, 84, 85, 86, 88, 89, 92, 93, 94, 97, 98, 99, 100, 101, 103, 105, 107, 108, 110, 112, 113, 114, 115, 116, 119, 125, 131, 139, 145, 151, 159, 165, 173, 180, 181, 182, 184, 185, 186, 188, 189, 190, 191, 192, 193, 194, 195, 196, 197, 200, 201], "excluded_lines": [], "functions": {"config": {"executed_lines": [], "summary": {"covered_lines": 0, "num_statements": 74, "percent_covered": 0.0, "percent_covered_display": "0", "missing_lines": 74, "excluded_lines": 0, "percent_statements_covered": 0.0, "percent_statements_covered_display": "0"}, "missing_lines": [47, 49, 51, 52, 53, 54, 56, 59, 60, 61, 64, 65, 66, 69, 70, 71, 72, 73, 74, 77, 78, 81, 82, 83, 84, 85, 86, 88, 89, 92, 93, 94, 97, 98, 99, 100, 101, 103, 105, 107, 108, 110, 112, 113, 114, 115, 116, 119, 125, 131, 139, 145, 151, 159, 165, 173, 180, 181, 182, 184, 185, 186, 188, 189, 190, 191, 192, 193, 194, 195, 196, 197, 200, 201], "excluded_lines": [], "start_line": 25}, "": {"executed_lines": [], "summary": {"covered_lines": 0, "num_statements": 14, "percent_covered": 0.0, "percent_covered_display": "0", "missing_lines": 14, "excluded_lines": 0, "percent_statements_covered": 0.0, "percent_statements_covered_display": "0"}, "missing_lines": [7, 8, 9, 11, 12, 13, 16, 17, 20, 21, 22, 23, 24, 25], "excluded_lines": [], "start_line": 1}}, "classes": {"": {"executed_lines": [], "summary": {"covered_lines": 0, "num_statements": 88, "percent_covered": 0.0, "percent_covered_display": "0", "missing_lines": 88, "excluded_lines": 0, "percent_statements_covered": 0.0, "percent_statements_covered_display": "0"}, "missing_lines": [7, 8, 9, 11, 12, 13, 16, 17, 20, 21, 22, 23, 24, 25, 47, 49, 51, 52, 53, 54, 56, 59, 60, 61, 64, 65, 66, 69, 70, 71, 72, 73, 74, 77, 78, 81, 82, 83, 84, 85, 86, 88, 89, 92, 93, 94, 97, 98, 99, 100, 101, 103, 105, 107, 108, 110, 112, 113, 114, 115, 116, 119, 125, 131, 139, 145, 151, 159, 165, 173, 180, 181, 182, 184, 185, 186, 188, 189, 190, 191, 192, 193, 194, 195, 196, 197, 200, 201], "excluded_lines": [], "start_line": 1}}}, "src/feedback_loop/cli/commands/dashboard.py": {"executed_lines": [], "summary": {"covered_lines": 0, "num_statements": 26, "percent_covered": 0.0, "percent_covered_display": "0", "missing_lines": 26, "excluded_lines": 0, "percent_statements_covered": 0.0, "percent_statements_covered_display": "0"}, "missing_lines": [7, 8, 9, 11, 12, 13, 16, 17, 20, 21, 22, 23, 24, 25, 26, 44, 46, 48, 49, 50, 51, 52, 53, 54, 55, 57], "excluded_lines": [], "functions": {"dashboard": {"executed_lines": [], "summary": {"covered_lines": 0, "num_statements": 13, "percent_covered": 0.0, "percent_covered_display": "0", "missing_lines": 13, "excluded_lines": 0, "percent_statements_covered": 0.0, "percent_statements_covered_display": "0"}, "missing_lines": [25, 26, 44, 46, 48, 49, 50, 51, 52, 53, 54, 55, 57], "excluded_lines": [], "start_line": 24}, "": {"executed_lines": [], "summary": {"covered_lines": 0, "num_statements": 13, "percent_covered": 0.0, "percent_covered_display": "0", "missing_lines": 13, "excluded_lines": 0, "percent_statements_covered": 0.0, "percent_statements_covered_display": "0"}, "missing_lines": [7, 8, 9, 11, 12, 13, 16, 17, 20, 21, 22, 23, 24], "excluded_lines": [], "start_line": 1}}, "classes": {"": {"executed_lines": [], "summary": {"covered_lines": 0, "num_statements": 26, "percent_covered": 0.0, "percent_covered_display": "0", "missing_lines": 26, "excluded_lines": 0, "percent_statements_covered": 0.0, "percent_statements_covered_display": "0"}, "missing_lines": [7, 8, 9, 11, 12, 13, 16, 17, 20, 21, 22, 23, 24, 25, 26, 44, 46, 48, 49, 50, 51, 52, 53, 54, 55, 57], "excluded_lines": [], "start_line": 1}}}, "src/feedback_loop/cli/commands/demo.py": {"executed_lines": [], "summary": {"covered_lines": 0, "num_statements": 17, "percent_covered": 0.0, "percent_covered_display": "0", "missing_lines": 17, "excluded_lines": 0, "percent_statements_covered": 0.0, "percent_statements_covered_display": "0"}, "missing_lines": [7, 8, 10, 11, 14, 15, 18, 19, 20, 31, 34, 35, 36, 38, 39, 40, 41], "excluded_lines": [], "functions": {"demo": {"executed_lines": [], "summary": {"covered_lines": 0, "num_statements": 8, "percent_covered": 0.0, "percent_covered_display": "0", "missing_lines": 8, "excluded_lines": 0, "percent_statements_covered": 0.0, "percent_statements_covered_display": "0"}, "missing_lines": [31, 34, 35, 36, 38, 39, 40, 41], "excluded_lines": [], "start_line": 20}, "": {"executed_lines": [], "summary": {"covered_lines": 0, "num_statements": 9, "percent_covered": 0.0, "percent_covered_display": "0", "missing_lines": 9, "excluded_lines": 0, "percent_statements_covered": 0.0, "percent_statements_covered_display": "0"}, "missing_lines": [7, 8, 10, 11, 14, 15, 18, 19, 20], "excluded_lines": [], "start_line": 1}}, "classes": {"": {"executed_lines": [], "summary": {"covered_lines": 0, "num_statements": 17, "percent_covered": 0.0, "percent_covered_display": "0", "missing_lines": 17, "excluded_lines": 0, "percent_statements_covered": 0.0, "percent_statements_covered_display": "0"}, "missing_lines": [7, 8, 10, 11, 14, 15, 18, 19, 20, 31, 34, 35, 36, 38, 39, 40, 41], "excluded_lines": [], "start_line": 1}}}, "src/feedback_loop/cli/commands/doctor.py": {"executed_lines": [], "summary": {"covered_lines": 0, "num_statements": 21, "percent_covered": 0.0, "percent_covered_display": "0", "missing_lines": 21, "excluded_lines": 0, "percent_statements_covered": 0.0, "percent_statements_covered_display": "0"}, "missing_lines": [7, 8, 10, 11, 14, 15, 18, 19, 20, 31, 34, 35, 36, 38, 39, 40, 42, 43, 44, 45, 46], "excluded_lines": [], "functions": {"doctor": {"executed_lines": [], "summary": {"covered_lines": 0, "num_statements": 12, "percent_covered": 0.0, "percent_covered_display": "0", "missing_lines": 12, "excluded_lines": 0, "percent_statements_covered": 0.0, "percent_statements_covered_display": "0"}, "missing_lines": [31, 34, 35, 36, 38, 39, 40, 42, 43, 44, 45, 46], "excluded_lines": [], "start_line": 20}, "": {"executed_lines": [], "summary": {"covered_lines": 0, "num_statements": 9, "percent_covered": 0.0, "percent_covered_display": "0", "missing_lines": 9, "excluded_lines": 0, "percent_statements_covered": 0.0, "percent_statements_covered_display": "0"}, "missing_lines": [7, 8, 10, 11, 14, 15, 18, 19, 20], "excluded_lines": [], "start_line": 1}}, "classes": {"": {"executed_lines": [], "summary": {"covered_lines": 0, "num_statements": 21, "percent_covered": 0.0, "percent_covered_display": "0", "missing_lines": 21, "excluded_lines": 0, "percent_statements_covered": 0.0, "percent_statements_covered_display": "0"}, "missing_lines": [7, 8, 10, 11, 14, 15, 18, 19, 20, 31, 34, 35, 36, 38, 39, 40, 42, 43, 44, 45, 46], "excluded_lines": [], "start_line": 1}}}, "src/feedback_loop/cli/commands/patterns.py": {"executed_lines": [], "summary": {"covered_lines": 0, "num_statements": 34, "percent_covered": 0.0, "percent_covered_display": "0", "missing_lines": 34, "excluded_lines": 0, "percent_statements_covered": 0.0, "percent_statements_covered_display": "0"}, "missing_lines": [7, 8, 10, 11, 12, 15, 16, 19, 20, 21, 22, 23, 38, 40, 42, 44, 45, 46, 47, 50, 51, 52, 54, 55, 56, 57, 58, 59, 66, 67, 69, 71, 74, 75], "excluded_lines": [], "functions": {"patterns": {"executed_lines": [], "summary": {"covered_lines": 0, "num_statements": 22, "percent_covered": 0.0, "percent_covered_display": "0", "missing_lines": 22, "excluded_lines": 0, "percent_statements_covered": 0.0, "percent_statements_covered_display": "0"}, "missing_lines": [38, 40, 42, 44, 45, 46, 47, 50, 51, 52, 54, 55, 56, 57, 58, 59, 66, 67, 69, 71, 74, 75], "excluded_lines": [], "start_line": 23}, "": {"executed_lines": [], "summary": {"covered_lines": 0, "num_statements": 12, "percent_covered": 0.0, "percent_covered_display": "0", "missing_lines": 12, "excluded_lines": 0, "percent_statements_covered": 0.0, "percent_statements_covered_display": "0"}, "missing_lines": [7, 8, 10, 11, 12, 15, 16, 19, 20, 21, 22, 23], "excluded_lines": [], "start_line": 1}}, "classes": {"": {"executed_lines": [], "summary": {"covered_lines": 0, "num_statements": 34, "percent_covered": 0.0, "percent_covered_display": "0", "missing_lines": 34, "excluded_lines": 0, "percent_statements_covered": 0.0, "percent_statements_covered_display": "0"}, "missing_lines": [7, 8, 10, 11, 12, 15, 16, 19, 20, 21, 22, 23, 38, 40, 42, 44, 45, 46, 47, 50, 51, 52, 54, 55, 56, 57, 58, 59, 66, 67, 69, 71, 74, 75], "excluded_lines": [], "start_line": 1}}}, "src/feedback_loop/cli/commands/review.py": {"executed_lines": [], "summary": {"covered_lines": 0, "num_statements": 111, "percent_covered": 0.0, "percent_covered_display": "0", "missing_lines": 111, "excluded_lines": 0, "percent_statements_covered": 0.0, "percent_statements_covered_display": "0"}, "missing_lines": [7, 8, 9, 11, 12, 13, 14, 17, 18, 21, 22, 23, 24, 25, 26, 45, 47, 48, 49, 50, 52, 54, 56, 57, 59, 60, 61, 62, 63, 64, 65, 66, 67, 68, 69, 71, 72, 73, 74, 77, 78, 79, 80, 81, 83, 84, 85, 86, 87, 88, 89, 90, 91, 92, 93, 95, 96, 97, 98, 99, 100, 101, 102, 105, 106, 111, 114, 117, 118, 120, 121, 122, 125, 127, 128, 129, 130, 131, 133, 134, 140, 147, 150, 151, 152, 153, 154, 155, 156, 157, 160, 161, 163, 164, 165, 166, 168, 170, 171, 174, 177, 178, 180, 181, 183, 184, 185, 186, 188, 190, 191], "excluded_lines": [], "functions": {"review": {"executed_lines": [], "summary": {"covered_lines": 0, "num_statements": 96, "percent_covered": 0.0, "percent_covered_display": "0", "missing_lines": 96, "excluded_lines": 0, "percent_statements_covered": 0.0, "percent_statements_covered_display": "0"}, "missing_lines": [45, 47, 48, 49, 50, 52, 54, 56, 57, 59, 60, 61, 62, 63, 64, 65, 66, 67, 68, 69, 71, 72, 73, 74, 77, 78, 79, 80, 81, 83, 84, 85, 86, 87, 88, 89, 90, 91, 92, 93, 95, 96, 97, 98, 99, 100, 101, 102, 105, 106, 111, 114, 117, 118, 120, 121, 122, 125, 127, 128, 129, 130, 131, 133, 134, 140, 147, 150, 151, 152, 153, 154, 155, 156, 157, 160, 161, 163, 164, 165, 166, 168, 170, 171, 174, 177, 178, 180, 181, 183, 184, 185, 186, 188, 190, 191], "excluded_lines": [], "start_line": 26}, "": {"executed_lines": [], "summary": {"covered_lines": 0, "num_statements": 15, "percent_covered": 0.0, "percent_covered_display": "0", "missing_lines": 15, "excluded_lines": 0, "percent_statements_covered": 0.0, "percent_statements_covered_display": "0"}, "missing_lines": [7, 8, 9, 11, 12, 13, 14, 17, 18, 21, 22, 23, 24, 25, 26], "excluded_lines": [], "start_line": 1}}, "classes": {"": {"executed_lines": [], "summary": {"covered_lines": 0, "num_statements": 111, "percent_covered": 0.0, "percent_covered_display": "0", "missing_lines": 111, "excluded_lines": 0, "percent_statements_covered": 0.0, "percent_statements_covered_display": "0"}, "missing_lines": [7, 8, 9, 11, 12, 13, 14, 17, 18, 21, 22, 23, 24, 25, 26, 45, 47, 48, 49, 50, 52, 54, 56, 57, 59, 60, 61, 62, 63, 64, 65, 66, 67, 68, 69, 71, 72, 73, 74, 77, 78, 79, 80, 81, 83, 84, 85, 86, 87, 88, 89, 90, 91, 92, 93, 95, 96, 97, 98, 99, 100, 101, 102, 105, 106, 111, 114, 117, 118, 120, 121, 122, 125, 127, 128, 129, 130, 131, 133, 134, 140, 147, 150, 151, 152, 153, 154, 155, 156, 157, 160, 161, 163, 164, 165, 166, 168, 170, 171, 174, 177, 178, 180, 181, 183, 184, 185, 186, 188, 190, 191], "excluded_lines": [], "start_line": 1}}}, "src/feedback_loop/cli/commands/start.py": {"executed_lines": [], "summary": {"covered_lines": 0, "num_statements": 42, "percent_covered": 0.0, "percent_covered_display": "0", "missing_lines": 42, "excluded_lines": 0, "percent_statements_covered": 0.0, "percent_statements_covered_display": "0"}, "missing_lines": [7, 8, 10, 11, 12, 13, 16, 17, 20, 21, 22, 23, 24, 25, 48, 51, 53, 55, 56, 57, 60, 61, 62, 64, 65, 70, 71, 72, 73, 74, 77, 82, 84, 85, 90, 92, 93, 101, 108, 109, 110, 111], "excluded_lines": [], "functions": {"start": {"executed_lines": [], "summary": {"covered_lines": 0, "num_statements": 28, "percent_covered": 0.0, "percent_covered_display": "0", "missing_lines": 28, "excluded_lines": 0, "percent_statements_covered": 0.0, "percent_statements_covered_display": "0"}, "missing_lines": [48, 51, 53, 55, 56, 57, 60, 61, 62, 64, 65, 70, 71, 72, 73, 74, 77, 82, 84, 85, 90, 92, 93, 101, 108, 109, 110, 111], "excluded_lines": [], "start_line": 25}, "": {"executed_lines": [], "summary": {"covered_lines": 0, "num_statements": 14, "percent_covered": 0.0, "percent_covered_display": "0", "missing_lines": 14, "excluded_lines": 0, "percent_statements_covered": 0.0, "percent_statements_covered_display": "0"}, "missing_lines": [7, 8, 10, 11, 12, 13, 16, 17, 20, 21, 22, 23, 24, 25], "excluded_lines": [], "start_line": 1}}, "classes": {"": {"executed_lines": [], "summary": {"covered_lines": 0, "num_statements": 42, "percent_covered": 0.0, "percent_covered_display": "0", "missing_lines": 42, "excluded_lines": 0, "percent_statements_covered": 0.0, "percent_statements_covered_display": "0"}, "missing_lines": [7, 8, 10, 11, 12, 13, 16, 17, 20, 21, 22, 23, 24, 25, 48, 51, 53, 55, 56, 57, 60, 61, 62, 64, 65, 70, 71, 72, 73, 74, 77, 82, 84, 85, 90, 92, 93, 101, 108, 109, 110, 111], "excluded_lines": [], "start_line": 1}}}, "src/feedback_loop/cli/main.py": {"executed_lines": [], "summary": {"covered_lines": 0, "num_statements": 56, "percent_covered": 0.0, "percent_covered_display": "0", "missing_lines": 56, "excluded_lines": 0, "percent_statements_covered": 0.0, "percent_statements_covered_display": "0"}, "missing_lines": [7, 8, 11, 12, 15, 16, 17, 18, 19, 21, 22, 23, 25, 28, 29, 30, 31, 32, 33, 39, 40, 41, 42, 45, 46, 49, 51, 53, 54, 55, 56, 58, 70, 71, 73, 74, 80, 83, 86, 87, 88, 89, 91, 92, 93, 94, 95, 96, 98, 110, 111, 112, 113, 117, 120, 121], "excluded_lines": [], "functions": {"cli": {"executed_lines": [], "summary": {"covered_lines": 0, "num_statements": 6, "percent_covered": 0.0, "percent_covered_display": "0", "missing_lines": 6, "excluded_lines": 0, "percent_statements_covered": 0.0, "percent_statements_covered_display": "0"}, "missing_lines": [39, 40, 41, 42, 45, 46], "excluded_lines": [], "start_line": 33}, "show_command_help": {"executed_lines": [], "summary": {"covered_lines": 0, "num_statements": 10, "percent_covered": 0.0, "percent_covered_display": "0", "missing_lines": 10, "excluded_lines": 0, "percent_statements_covered": 0.0, "percent_statements_covered_display": "0"}, "missing_lines": [51, 53, 54, 55, 56, 58, 70, 71, 73, 74], "excluded_lines": [], "start_line": 49}, "_register_commands": {"executed_lines": [], "summary": {"covered_lines": 0, "num_statements": 6, "percent_covered": 0.0, "percent_covered_display": "0", "missing_lines": 6, "excluded_lines": 0, "percent_statements_covered": 0.0, "percent_statements_covered_display": "0"}, "missing_lines": [83, 98, 110, 111, 112, 113], "excluded_lines": [], "start_line": 80}, "_register_commands._import_command": {"executed_lines": [], "summary": {"covered_lines": 0, "num_statements": 10, "percent_covered": 0.0, "percent_covered_display": "0", "missing_lines": 10, "excluded_lines": 0, "percent_statements_covered": 0.0, "percent_statements_covered_display": "0"}, "missing_lines": [86, 87, 88, 89, 91, 92, 93, 94, 95, 96], "excluded_lines": [], "start_line": 83}, "": {"executed_lines": [], "summary": {"covered_lines": 0, "num_statements": 24, "percent_covered": 0.0, "percent_covered_display": "0", "missing_lines": 24, "excluded_lines": 0, "percent_statements_covered": 0.0, "percent_statements_covered_display": "0"}, "missing_lines": [7, 8, 11, 12, 15, 16, 17, 18, 19, 21, 22, 23, 25, 28, 29, 30, 31, 32, 33, 49, 80, 117, 120, 121], "excluded_lines": [], "start_line": 1}}, "classes": {"": {"executed_lines": [], "summary": {"covered_lines": 0, "num_statements": 56, "percent_covered": 0.0, "percent_covered_display": "0", "missing_lines": 56, "excluded_lines": 0, "percent_statements_covered": 0.0, "percent_statements_covered_display": "0"}, "missing_lines": [7, 8, 11, 12, 15, 16, 17, 18, 19, 21, 22, 23, 25, 28, 29, 30, 31, 32, 33, 39, 40, 41, 42, 45, 46, 49, 51, 53, 54, 55, 56, 58, 70, 71, 73, 74, 80, 83, 86, 87, 88, 89, 91, 92, 93, 94, 95, 96, 98, 110, 111, 112, 113, 117, 120, 121], "excluded_lines": [], "start_line": 1}}}, "src/feedback_loop/config.py": {"executed_lines": [8, 9, 10, 11, 13, 16, 19, 20, 23, 29, 34, 39, 44, 49, 54, 55, 57, 58, 60, 62, 63, 65, 66, 67, 68, 73, 76, 79, 82, 87, 92, 97, 102, 108, 111, 112, 113, 116, 119, 124, 129, 134, 139, 144, 149, 154, 159, 164, 165, 168, 178, 183, 188, 193, 198, 199, 216, 217, 218, 219, 221, 222, 225, 226, 228, 237, 246, 249, 250, 251, 252, 253, 254, 255, 256, 257, 258, 260, 272, 279, 280, 284, 286, 290, 294, 297, 300, 301, 302, 305, 311], "summary": {"covered_lines": 91, "num_statements": 97, "percent_covered": 93.81443298969072, "percent_covered_display": "94", "missing_lines": 6, "excluded_lines": 0, "percent_statements_covered": 93.81443298969072, "percent_statements_covered_display": "94"}, "missing_lines": [71, 223, 282, 287, 308, 314], "excluded_lines": [], "functions": {"DatabaseConfig.set_uri": {"executed_lines": [57, 58, 60, 62, 63, 65, 66, 67, 68], "summary": {"covered_lines": 9, "num_statements": 10, "percent_covered": 90.0, "percent_covered_display": "90", "missing_lines": 1, "excluded_lines": 0, "percent_statements_covered": 90.0, "percent_statements_covered_display": "90"}, "missing_lines": [71], "excluded_lines": [], "start_line": 55}, "FeedbackLoopConfig.from_env": {"executed_lines": [216, 217, 218, 219, 221, 222, 225, 226, 228, 237, 246, 249, 250, 251, 252, 253, 254, 255, 256, 257, 258, 260, 272], "summary": {"covered_lines": 23, "num_statements": 24, "percent_covered": 95.83333333333333, "percent_covered_display": "96", "missing_lines": 1, "excluded_lines": 0, "percent_statements_covered": 95.83333333333333, "percent_statements_covered_display": "96"}, "missing_lines": [223], "excluded_lines": [], "start_line": 199}, "FeedbackLoopConfig.default": {"executed_lines": [], "summary": {"covered_lines": 0, "num_statements": 1, "percent_covered": 0.0, "percent_covered_display": "0", "missing_lines": 1, "excluded_lines": 0, "percent_statements_covered": 0.0, "percent_statements_covered_display": "0"}, "missing_lines": [282], "excluded_lines": [], "start_line": 280}, "FeedbackLoopConfig.get_db_uri": {"executed_lines": [286, 290], "summary": {"covered_lines": 2, "num_statements": 3, "percent_covered": 66.66666666666667, "percent_covered_display": "67", "missing_lines": 1, "excluded_lines": 0, "percent_statements_covered": 66.66666666666667, "percent_statements_covered_display": "67"}, "missing_lines": [287], "excluded_lines": [], "start_line": 284}, "get_config": {"executed_lines": [300, 301, 302], "summary": {"covered_lines": 3, "num_statements": 3, "percent_covered": 100.0, "percent_covered_display": "100", "missing_lines": 0, "excluded_lines": 0, "percent_statements_covered": 100.0, "percent_statements_covered_display": "100"}, "missing_lines": [], "excluded_lines": [], "start_line": 297}, "set_config": {"executed_lines": [], "summary": {"covered_lines": 0, "num_statements": 1, "percent_covered": 0.0, "percent_covered_display": "0", "missing_lines": 1, "excluded_lines": 0, "percent_statements_covered": 0.0, "percent_statements_covered_display": "0"}, "missing_lines": [308], "excluded_lines": [], "start_line": 305}, "reset_config": {"executed_lines": [], "summary": {"covered_lines": 0, "num_statements": 1, "percent_covered": 0.0, "percent_covered_display": "0", "missing_lines": 1, "excluded_lines": 0, "percent_statements_covered": 0.0, "percent_statements_covered_display": "0"}, "missing_lines": [314], "excluded_lines": [], "start_line": 311}, "": {"executed_lines": [8, 9, 10, 11, 13, 16, 19, 20, 23, 29, 34, 39, 44, 49, 54, 55, 73, 76, 79, 82, 87, 92, 97, 102, 108, 111, 112, 113, 116, 119, 124, 129, 134, 139, 144, 149, 154, 159, 164, 165, 168, 178, 183, 188, 193, 198, 199, 279, 280, 284, 294, 297, 305, 311], "summary": {"covered_lines": 54, "num_statements": 54, "percent_covered": 100.0, "percent_covered_display": "100", "missing_lines": 0, "excluded_lines": 0, "percent_statements_covered": 100.0, "percent_statements_covered_display": "100"}, "missing_lines": [], "excluded_lines": [], "start_line": 1}}, "classes": {"DatabaseType": {"executed_lines": [], "summary": {"covered_lines": 0, "num_statements": 0, "percent_covered": 100.0, "percent_covered_display": "100", "missing_lines": 0, "excluded_lines": 0, "percent_statements_covered": 100.0, "percent_statements_covered_display": "100"}, "missing_lines": [], "excluded_lines": [], "start_line": 16}, "DatabaseConfig": {"executed_lines": [57, 58, 60, 62, 63, 65, 66, 67, 68], "summary": {"covered_lines": 9, "num_statements": 10, "percent_covered": 90.0, "percent_covered_display": "90", "missing_lines": 1, "excluded_lines": 0, "percent_statements_covered": 90.0, "percent_statements_covered_display": "90"}, "missing_lines": [71], "excluded_lines": [], "start_line": 23}, "DatabaseConfig.Config": {"executed_lines": [], "summary": {"covered_lines": 0, "num_statements": 0, "percent_covered": 100.0, "percent_covered_display": "100", "missing_lines": 0, "excluded_lines": 0, "percent_statements_covered": 100.0, "percent_statements_covered_display": "100"}, "missing_lines": [], "excluded_lines": [], "start_line": 73}, "APIConfig": {"executed_lines": [], "summary": {"covered_lines": 0, "num_statements": 0, "percent_covered": 100.0, "percent_covered_display": "100", "missing_lines": 0, "excluded_lines": 0, "percent_statements_covered": 100.0, "percent_statements_covered_display": "100"}, "missing_lines": [], "excluded_lines": [], "start_line": 79}, "LLMProvider": {"executed_lines": [], "summary": {"covered_lines": 0, "num_statements": 0, "percent_covered": 100.0, "percent_covered_display": "100", "missing_lines": 0, "excluded_lines": 0, "percent_statements_covered": 100.0, "percent_statements_covered_display": "100"}, "missing_lines": [], "excluded_lines": [], "start_line": 108}, "LLMConfig": {"executed_lines": [], "summary": {"covered_lines": 0, "num_statements": 0, "percent_covered": 100.0, "percent_covered_display": "100", "missing_lines": 0, "excluded_lines": 0, "percent_statements_covered": 100.0, "percent_statements_covered_display": "100"}, "missing_lines": [], "excluded_lines": [], "start_line": 116}, "LLMConfig.Config": {"executed_lines": [], "summary": {"covered_lines": 0, "num_statements": 0, "percent_covered": 100.0, "percent_covered_display": "100", "missing_lines": 0, "excluded_lines": 0, "percent_statements_covered": 100.0, "percent_statements_covered_display": "100"}, "missing_lines": [], "excluded_lines": [], "start_line": 164}, "FeedbackLoopConfig": {"executed_lines": [216, 217, 218, 219, 221, 222, 225, 226, 228, 237, 246, 249, 250, 251, 252, 253, 254, 255, 256, 257, 258, 260, 272, 286, 290], "summary": {"covered_lines": 25, "num_statements": 28, "percent_covered": 89.28571428571429, "percent_covered_display": "89", "missing_lines": 3, "excluded_lines": 0, "percent_statements_covered": 89.28571428571429, "percent_statements_covered_display": "89"}, "missing_lines": [223, 282, 287], "excluded_lines": [], "start_line": 168}, "": {"executed_lines": [8, 9, 10, 11, 13, 16, 19, 20, 23, 29, 34, 39, 44, 49, 54, 55, 73, 76, 79, 82, 87, 92, 97, 102, 108, 111, 112, 113, 116, 119, 124, 129, 134, 139, 144, 149, 154, 159, 164, 165, 168, 178, 183, 188, 193, 198, 199, 279, 280, 284, 294, 297, 300, 301, 302, 305, 311], "summary": {"covered_lines": 57, "num_statements": 59, "percent_covered": 96.61016949152543, "percent_covered_display": "97", "missing_lines": 2, "excluded_lines": 0, "percent_statements_covered": 96.61016949152543, "percent_statements_covered_display": "97"}, "missing_lines": [308, 314], "excluded_lines": [], "start_line": 1}}}, "src/feedback_loop/llm.py": {"executed_lines": [7, 8, 9, 10, 11, 12, 14, 16, 19, 30, 37, 38, 39, 41, 42, 43, 44, 45, 46, 47, 48, 51, 61, 62, 63, 64, 66, 67, 69, 71, 72, 74, 78, 80, 81, 83, 84, 85, 86, 89, 91, 96, 97, 99, 101, 102, 103, 105, 106, 107, 108, 109, 110, 113, 124, 126, 127, 129, 130, 131, 132, 135, 136, 138, 148, 151, 152, 154, 155, 166, 169, 170, 171, 174, 175, 179, 188, 190, 191], "summary": {"covered_lines": 79, "num_statements": 84, "percent_covered": 94.04761904761905, "percent_covered_display": "94", "missing_lines": 5, "excluded_lines": 2, "percent_statements_covered": 94.04761904761905, "percent_statements_covered_display": "94"}, "missing_lines": [75, 76, 87, 88, 176], "excluded_lines": [26, 27], "functions": {"LLMProviderInterface.call": {"executed_lines": [], "summary": {"covered_lines": 0, "num_statements": 0, "percent_covered": 100.0, "percent_covered_display": "100", "missing_lines": 0, "excluded_lines": 1, "percent_statements_covered": 100.0, "percent_statements_covered_display": "100"}, "missing_lines": [], "excluded_lines": [27], "start_line": 26}, "MockProvider.__init__": {"executed_lines": [38, 39], "summary": {"covered_lines": 2, "num_statements": 2, "percent_covered": 100.0, "percent_covered_display": "100", "missing_lines": 0, "excluded_lines": 0, "percent_statements_covered": 100.0, "percent_statements_covered_display": "100"}, "missing_lines": [], "excluded_lines": [], "start_line": 37}, "MockProvider.call": {"executed_lines": [42, 43, 44, 45, 46, 47, 48], "summary": {"covered_lines": 7, "num_statements": 7, "percent_covered": 100.0, "percent_covered_display": "100", "missing_lines": 0, "excluded_lines": 0, "percent_statements_covered": 100.0, "percent_statements_covered_display": "100"}, "missing_lines": [], "excluded_lines": [], "start_line": 41}, "LLMClient.__init__": {"executed_lines": [62, 63, 64, 66, 67], "summary": {"covered_lines": 5, "num_statements": 5, "percent_covered": 100.0, "percent_covered_display": "100", "missing_lines": 0, "excluded_lines": 0, "percent_statements_covered": 100.0, "percent_statements_covered_display": "100"}, "missing_lines": [], "excluded_lines": [], "start_line": 61}, "LLMClient._emit_telemetry": {"executed_lines": [71, 72, 74], "summary": {"covered_lines": 3, "num_statements": 5, "percent_covered": 60.0, "percent_covered_display": "60", "missing_lines": 2, "excluded_lines": 0, "percent_statements_covered": 60.0, "percent_statements_covered_display": "60"}, "missing_lines": [75, 76], "excluded_lines": [], "start_line": 69}, "LLMClient._is_retryable": {"executed_lines": [80, 81], "summary": {"covered_lines": 2, "num_statements": 2, "percent_covered": 100.0, "percent_covered_display": "100", "missing_lines": 0, "excluded_lines": 0, "percent_statements_covered": 100.0, "percent_statements_covered_display": "100"}, "missing_lines": [], "excluded_lines": [], "start_line": 78}, "LLMClient._backoff_delay": {"executed_lines": [84, 85, 86, 89], "summary": {"covered_lines": 4, "num_statements": 6, "percent_covered": 66.66666666666667, "percent_covered_display": "67", "missing_lines": 2, "excluded_lines": 0, "percent_statements_covered": 66.66666666666667, "percent_statements_covered_display": "67"}, "missing_lines": [87, 88], "excluded_lines": [], "start_line": 83}, "LLMClient.call": {"executed_lines": [96, 97, 99, 101, 102, 103, 105, 106, 107, 108, 109, 110, 113, 124, 126, 127, 129, 130, 131, 132, 135, 136, 138, 148, 151, 152, 154, 155, 166, 169, 170, 171, 174, 175], "summary": {"covered_lines": 34, "num_statements": 35, "percent_covered": 97.14285714285714, "percent_covered_display": "97", "missing_lines": 1, "excluded_lines": 0, "percent_statements_covered": 97.14285714285714, "percent_statements_covered_display": "97"}, "missing_lines": [176], "excluded_lines": [], "start_line": 91}, "get_llm_client": {"executed_lines": [188, 190, 191], "summary": {"covered_lines": 3, "num_statements": 3, "percent_covered": 100.0, "percent_covered_display": "100", "missing_lines": 0, "excluded_lines": 0, "percent_statements_covered": 100.0, "percent_statements_covered_display": "100"}, "missing_lines": [], "excluded_lines": [], "start_line": 179}, "get_llm_client._is_retryable": {"executed_lines": [], "summary": {"covered_lines": 0, "num_statements": 0, "percent_covered": 100.0, "percent_covered_display": "100", "missing_lines": 0, "excluded_lines": 0, "percent_statements_covered": 100.0, "percent_statements_covered_display": "100"}, "missing_lines": [], "excluded_lines": [], "start_line": 192}, "get_llm_client._backoff_delay": {"executed_lines": [], "summary": {"covered_lines": 0, "num_statements": 0, "percent_covered": 100.0, "percent_covered_display": "100", "missing_lines": 0, "excluded_lines": 0, "percent_statements_covered": 100.0, "percent_statements_covered_display": "100"}, "missing_lines": [], "excluded_lines": [], "start_line": 197}, "get_llm_client.call": {"executed_lines": [], "summary": {"covered_lines": 0, "num_statements": 0, "percent_covered": 100.0, "percent_covered_display": "100", "missing_lines": 0, "excluded_lines": 0, "percent_statements_covered": 100.0, "percent_statements_covered_display": "100"}, "missing_lines": [], "excluded_lines": [], "start_line": 205}, "": {"executed_lines": [7, 8, 9, 10, 11, 12, 14, 16, 19, 30, 37, 41, 51, 61, 69, 78, 83, 91, 179], "summary": {"covered_lines": 19, "num_statements": 19, "percent_covered": 100.0, "percent_covered_display": "100", "missing_lines": 0, "excluded_lines": 1, "percent_statements_covered": 100.0, "percent_statements_covered_display": "100"}, "missing_lines": [], "excluded_lines": [26], "start_line": 1}}, "classes": {"LLMProviderInterface": {"executed_lines": [], "summary": {"covered_lines": 0, "num_statements": 0, "percent_covered": 100.0, "percent_covered_display": "100", "missing_lines": 0, "excluded_lines": 1, "percent_statements_covered": 100.0, "percent_statements_covered_display": "100"}, "missing_lines": [], "excluded_lines": [27], "start_line": 19}, "MockProvider": {"executed_lines": [38, 39, 42, 43, 44, 45, 46, 47, 48], "summary": {"covered_lines": 9, "num_statements": 9, "percent_covered": 100.0, "percent_covered_display": "100", "missing_lines": 0, "excluded_lines": 0, "percent_statements_covered": 100.0, "percent_statements_covered_display": "100"}, "missing_lines": [], "excluded_lines": [], "start_line": 30}, "LLMClient": {"executed_lines": [62, 63, 64, 66, 67, 71, 72, 74, 80, 81, 84, 85, 86, 89, 96, 97, 99, 101, 102, 103, 105, 106, 107, 108, 109, 110, 113, 124, 126, 127, 129, 130, 131, 132, 135, 136, 138, 148, 151, 152, 154, 155, 166, 169, 170, 171, 174, 175], "summary": {"covered_lines": 48, "num_statements": 53, "percent_covered": 90.56603773584905, "percent_covered_display": "91", "missing_lines": 5, "excluded_lines": 0, "percent_statements_covered": 90.56603773584905, "percent_statements_covered_display": "91"}, "missing_lines": [75, 76, 87, 88, 176], "excluded_lines": [], "start_line": 51}, "": {"executed_lines": [7, 8, 9, 10, 11, 12, 14, 16, 19, 30, 37, 41, 51, 61, 69, 78, 83, 91, 179, 188, 190, 191], "summary": {"covered_lines": 22, "num_statements": 22, "percent_covered": 100.0, "percent_covered_display": "100", "missing_lines": 0, "excluded_lines": 1, "percent_statements_covered": 100.0, "percent_statements_covered_display": "100"}, "missing_lines": [], "excluded_lines": [26], "start_line": 1}}}, "src/feedback_loop/persistence/__init__.py": {"executed_lines": [8, 9, 10, 11, 12, 13, 15, 18, 21, 22, 26, 27, 31, 32, 36, 37, 48, 49, 63, 64, 75, 76, 84, 85, 94, 97, 103, 104, 106, 108, 110, 111, 112, 113, 118, 120, 121, 122, 124, 126, 129, 132, 145, 152, 153, 155, 164, 167, 168, 169, 171, 172, 179, 181, 182, 184, 196, 199, 201, 202, 221, 222, 224, 244, 250, 253, 254, 255, 257, 258, 261, 262, 264, 272, 278, 279, 286, 287, 301, 304, 311, 312, 313, 314, 316, 337, 343, 379, 416, 462, 488, 515, 544, 556, 559, 560, 562, 566], "summary": {"covered_lines": 98, "num_statements": 199, "percent_covered": 49.246231155778894, "percent_covered_display": "49", "missing_lines": 101, "excluded_lines": 0, "percent_statements_covered": 49.246231155778894, "percent_statements_covered_display": "49"}, "missing_lines": [24, 29, 34, 46, 61, 73, 82, 91, 114, 115, 116, 127, 165, 197, 212, 233, 234, 236, 237, 238, 240, 241, 242, 251, 280, 292, 293, 294, 318, 319, 320, 322, 329, 330, 332, 333, 334, 335, 339, 340, 341, 345, 346, 348, 349, 351, 352, 366, 375, 377, 388, 389, 391, 392, 394, 395, 396, 398, 399, 411, 413, 414, 428, 429, 431, 432, 434, 435, 436, 448, 459, 460, 471, 472, 474, 475, 477, 478, 482, 484, 485, 486, 494, 495, 497, 498, 500, 501, 502, 504, 507, 509, 521, 522, 523, 529, 530, 535, 536, 537, 563], "excluded_lines": [], "functions": {"PersistenceBackend.connect": {"executed_lines": [], "summary": {"covered_lines": 0, "num_statements": 1, "percent_covered": 0.0, "percent_covered_display": "0", "missing_lines": 1, "excluded_lines": 0, "percent_statements_covered": 0.0, "percent_statements_covered_display": "0"}, "missing_lines": [24], "excluded_lines": [], "start_line": 22}, "PersistenceBackend.disconnect": {"executed_lines": [], "summary": {"covered_lines": 0, "num_statements": 1, "percent_covered": 0.0, "percent_covered_display": "0", "missing_lines": 1, "excluded_lines": 0, "percent_statements_covered": 0.0, "percent_statements_covered_display": "0"}, "missing_lines": [29], "excluded_lines": [], "start_line": 27}, "PersistenceBackend.migrate": {"executed_lines": [], "summary": {"covered_lines": 0, "num_statements": 1, "percent_covered": 0.0, "percent_covered_display": "0", "missing_lines": 1, "excluded_lines": 0, "percent_statements_covered": 0.0, "percent_statements_covered_display": "0"}, "missing_lines": [34], "excluded_lines": [], "start_line": 32}, "PersistenceBackend.store_metric": {"executed_lines": [], "summary": {"covered_lines": 0, "num_statements": 1, "percent_covered": 0.0, "percent_covered_display": "0", "missing_lines": 1, "excluded_lines": 0, "percent_statements_covered": 0.0, "percent_statements_covered_display": "0"}, "missing_lines": [46], "excluded_lines": [], "start_line": 37}, "PersistenceBackend.list_metrics": {"executed_lines": [], "summary": {"covered_lines": 0, "num_statements": 1, "percent_covered": 0.0, "percent_covered_display": "0", "missing_lines": 1, "excluded_lines": 0, "percent_statements_covered": 0.0, "percent_statements_covered_display": "0"}, "missing_lines": [61], "excluded_lines": [], "start_line": 49}, "PersistenceBackend.get_metric": {"executed_lines": [], "summary": {"covered_lines": 0, "num_statements": 1, "percent_covered": 0.0, "percent_covered_display": "0", "missing_lines": 1, "excluded_lines": 0, "percent_statements_covered": 0.0, "percent_statements_covered_display": "0"}, "missing_lines": [73], "excluded_lines": [], "start_line": 64}, "PersistenceBackend.get_stats": {"executed_lines": [], "summary": {"covered_lines": 0, "num_statements": 1, "percent_covered": 0.0, "percent_covered_display": "0", "missing_lines": 1, "excluded_lines": 0, "percent_statements_covered": 0.0, "percent_statements_covered_display": "0"}, "missing_lines": [82], "excluded_lines": [], "start_line": 76}, "PersistenceBackend.health_check": {"executed_lines": [], "summary": {"covered_lines": 0, "num_statements": 1, "percent_covered": 0.0, "percent_covered_display": "0", "missing_lines": 1, "excluded_lines": 0, "percent_statements_covered": 0.0, "percent_statements_covered_display": "0"}, "missing_lines": [91], "excluded_lines": [], "start_line": 85}, "SQLiteBackend.__init__": {"executed_lines": [103, 104], "summary": {"covered_lines": 2, "num_statements": 2, "percent_covered": 100.0, "percent_covered_display": "100", "missing_lines": 0, "excluded_lines": 0, "percent_statements_covered": 100.0, "percent_statements_covered_display": "100"}, "missing_lines": [], "excluded_lines": [], "start_line": 97}, "SQLiteBackend.connect": {"executed_lines": [108, 110, 111, 112, 113], "summary": {"covered_lines": 5, "num_statements": 8, "percent_covered": 62.5, "percent_covered_display": "62", "missing_lines": 3, "excluded_lines": 0, "percent_statements_covered": 62.5, "percent_statements_covered_display": "62"}, "missing_lines": [114, 115, 116], "excluded_lines": [], "start_line": 106}, "SQLiteBackend.disconnect": {"executed_lines": [120, 121, 122], "summary": {"covered_lines": 3, "num_statements": 3, "percent_covered": 100.0, "percent_covered_display": "100", "missing_lines": 0, "excluded_lines": 0, "percent_statements_covered": 100.0, "percent_statements_covered_display": "100"}, "missing_lines": [], "excluded_lines": [], "start_line": 118}, "SQLiteBackend.migrate": {"executed_lines": [126, 129, 132, 145, 152, 153], "summary": {"covered_lines": 6, "num_statements": 7, "percent_covered": 85.71428571428571, "percent_covered_display": "86", "missing_lines": 1, "excluded_lines": 0, "percent_statements_covered": 85.71428571428571, "percent_statements_covered_display": "86"}, "missing_lines": [127], "excluded_lines": [], "start_line": 124}, "SQLiteBackend.store_metric": {"executed_lines": [164, 167, 168, 169, 171, 172, 179, 181, 182], "summary": {"covered_lines": 9, "num_statements": 10, "percent_covered": 90.0, "percent_covered_display": "90", "missing_lines": 1, "excluded_lines": 0, "percent_statements_covered": 90.0, "percent_statements_covered_display": "90"}, "missing_lines": [165], "excluded_lines": [], "start_line": 155}, "SQLiteBackend.list_metrics": {"executed_lines": [196, 199, 201, 202, 221, 222], "summary": {"covered_lines": 6, "num_statements": 8, "percent_covered": 75.0, "percent_covered_display": "75", "missing_lines": 2, "excluded_lines": 0, "percent_statements_covered": 75.0, "percent_statements_covered_display": "75"}, "missing_lines": [197, 212], "excluded_lines": [], "start_line": 184}, "SQLiteBackend.get_metric": {"executed_lines": [], "summary": {"covered_lines": 0, "num_statements": 8, "percent_covered": 0.0, "percent_covered_display": "0", "missing_lines": 8, "excluded_lines": 0, "percent_statements_covered": 0.0, "percent_statements_covered_display": "0"}, "missing_lines": [233, 234, 236, 237, 238, 240, 241, 242], "excluded_lines": [], "start_line": 224}, "SQLiteBackend.get_stats": {"executed_lines": [250, 253, 254, 255, 257, 258, 261, 262, 264], "summary": {"covered_lines": 9, "num_statements": 10, "percent_covered": 90.0, "percent_covered_display": "90", "missing_lines": 1, "excluded_lines": 0, "percent_statements_covered": 90.0, "percent_statements_covered_display": "90"}, "missing_lines": [251], "excluded_lines": [], "start_line": 244}, "SQLiteBackend.health_check": {"executed_lines": [278, 279, 286, 287], "summary": {"covered_lines": 4, "num_statements": 8, "percent_covered": 50.0, "percent_covered_display": "50", "missing_lines": 4, "excluded_lines": 0, "percent_statements_covered": 50.0, "percent_statements_covered_display": "50"}, "missing_lines": [280, 292, 293, 294], "excluded_lines": [], "start_line": 272}, "PostgreSQLBackend.__init__": {"executed_lines": [311, 312, 313, 314], "summary": {"covered_lines": 4, "num_statements": 4, "percent_covered": 100.0, "percent_covered_display": "100", "missing_lines": 0, "excluded_lines": 0, "percent_statements_covered": 100.0, "percent_statements_covered_display": "100"}, "missing_lines": [], "excluded_lines": [], "start_line": 304}, "PostgreSQLBackend.connect": {"executed_lines": [], "summary": {"covered_lines": 0, "num_statements": 10, "percent_covered": 0.0, "percent_covered_display": "0", "missing_lines": 10, "excluded_lines": 0, "percent_statements_covered": 0.0, "percent_statements_covered_display": "0"}, "missing_lines": [318, 319, 320, 322, 329, 330, 332, 333, 334, 335], "excluded_lines": [], "start_line": 316}, "PostgreSQLBackend.disconnect": {"executed_lines": [], "summary": {"covered_lines": 0, "num_statements": 3, "percent_covered": 0.0, "percent_covered_display": "0", "missing_lines": 3, "excluded_lines": 0, "percent_statements_covered": 0.0, "percent_statements_covered_display": "0"}, "missing_lines": [339, 340, 341], "excluded_lines": [], "start_line": 337}, "PostgreSQLBackend.migrate": {"executed_lines": [], "summary": {"covered_lines": 0, "num_statements": 9, "percent_covered": 0.0, "percent_covered_display": "0", "missing_lines": 9, "excluded_lines": 0, "percent_statements_covered": 0.0, "percent_statements_covered_display": "0"}, "missing_lines": [345, 346, 348, 349, 351, 352, 366, 375, 377], "excluded_lines": [], "start_line": 343}, "PostgreSQLBackend.store_metric": {"executed_lines": [], "summary": {"covered_lines": 0, "num_statements": 12, "percent_covered": 0.0, "percent_covered_display": "0", "missing_lines": 12, "excluded_lines": 0, "percent_statements_covered": 0.0, "percent_statements_covered_display": "0"}, "missing_lines": [388, 389, 391, 392, 394, 395, 396, 398, 399, 411, 413, 414], "excluded_lines": [], "start_line": 379}, "PostgreSQLBackend.list_metrics": {"executed_lines": [], "summary": {"covered_lines": 0, "num_statements": 10, "percent_covered": 0.0, "percent_covered_display": "0", "missing_lines": 10, "excluded_lines": 0, "percent_statements_covered": 0.0, "percent_statements_covered_display": "0"}, "missing_lines": [428, 429, 431, 432, 434, 435, 436, 448, 459, 460], "excluded_lines": [], "start_line": 416}, "PostgreSQLBackend.get_metric": {"executed_lines": [], "summary": {"covered_lines": 0, "num_statements": 10, "percent_covered": 0.0, "percent_covered_display": "0", "missing_lines": 10, "excluded_lines": 0, "percent_statements_covered": 0.0, "percent_statements_covered_display": "0"}, "missing_lines": [471, 472, 474, 475, 477, 478, 482, 484, 485, 486], "excluded_lines": [], "start_line": 462}, "PostgreSQLBackend.get_stats": {"executed_lines": [], "summary": {"covered_lines": 0, "num_statements": 10, "percent_covered": 0.0, "percent_covered_display": "0", "missing_lines": 10, "excluded_lines": 0, "percent_statements_covered": 0.0, "percent_statements_covered_display": "0"}, "missing_lines": [494, 495, 497, 498, 500, 501, 502, 504, 507, 509], "excluded_lines": [], "start_line": 488}, "PostgreSQLBackend.health_check": {"executed_lines": [], "summary": {"covered_lines": 0, "num_statements": 8, "percent_covered": 0.0, "percent_covered_display": "0", "missing_lines": 8, "excluded_lines": 0, "percent_statements_covered": 0.0, "percent_statements_covered_display": "0"}, "missing_lines": [521, 522, 523, 529, 530, 535, 536, 537], "excluded_lines": [], "start_line": 515}, "get_backend": {"executed_lines": [556, 559, 560, 562, 566], "summary": {"covered_lines": 5, "num_statements": 6, "percent_covered": 83.33333333333333, "percent_covered_display": "83", "missing_lines": 1, "excluded_lines": 0, "percent_statements_covered": 83.33333333333333, "percent_statements_covered_display": "83"}, "missing_lines": [563], "excluded_lines": [], "start_line": 544}, "": {"executed_lines": [8, 9, 10, 11, 12, 13, 15, 18, 21, 22, 26, 27, 31, 32, 36, 37, 48, 49, 63, 64, 75, 76, 84, 85, 94, 97, 106, 118, 124, 155, 184, 224, 244, 272, 301, 304, 316, 337, 343, 379, 416, 462, 488, 515, 544], "summary": {"covered_lines": 45, "num_statements": 45, "percent_covered": 100.0, "percent_covered_display": "100", "missing_lines": 0, "excluded_lines": 0, "percent_statements_covered": 100.0, "percent_statements_covered_display": "100"}, "missing_lines": [], "excluded_lines": [], "start_line": 1}}, "classes": {"PersistenceBackend": {"executed_lines": [], "summary": {"covered_lines": 0, "num_statements": 8, "percent_covered": 0.0, "percent_covered_display": "0", "missing_lines": 8, "excluded_lines": 0, "percent_statements_covered": 0.0, "percent_statements_covered_display": "0"}, "missing_lines": [24, 29, 34, 46, 61, 73, 82, 91], "excluded_lines": [], "start_line": 18}, "SQLiteBackend": {"executed_lines": [103, 104, 108, 110, 111, 112, 113, 120, 121, 122, 126, 129, 132, 145, 152, 153, 164, 167, 168, 169, 171, 172, 179, 181, 182, 196, 199, 201, 202, 221, 222, 250, 253, 254, 255, 257, 258, 261, 262, 264, 278, 279, 286, 287], "summary": {"covered_lines": 44, "num_statements": 64, "percent_covered": 68.75, "percent_covered_display": "69", "missing_lines": 20, "excluded_lines": 0, "percent_statements_covered": 68.75, "percent_statements_covered_display": "69"}, "missing_lines": [114, 115, 116, 127, 165, 197, 212, 233, 234, 236, 237, 238, 240, 241, 242, 251, 280, 292, 293, 294], "excluded_lines": [], "start_line": 94}, "PostgreSQLBackend": {"executed_lines": [311, 312, 313, 314], "summary": {"covered_lines": 4, "num_statements": 76, "percent_covered": 5.2631578947368425, "percent_covered_display": "5", "missing_lines": 72, "excluded_lines": 0, "percent_statements_covered": 5.2631578947368425, "percent_statements_covered_display": "5"}, "missing_lines": [318, 319, 320, 322, 329, 330, 332, 333, 334, 335, 339, 340, 341, 345, 346, 348, 349, 351, 352, 366, 375, 377, 388, 389, 391, 392, 394, 395, 396, 398, 399, 411, 413, 414, 428, 429, 431, 432, 434, 435, 436, 448, 459, 460, 471, 472, 474, 475, 477, 478, 482, 484, 485, 486, 494, 495, 497, 498, 500, 501, 502, 504, 507, 509, 521, 522, 523, 529, 530, 535, 536, 537], "excluded_lines": [], "start_line": 301}, "": {"executed_lines": [8, 9, 10, 11, 12, 13, 15, 18, 21, 22, 26, 27, 31, 32, 36, 37, 48, 49, 63, 64, 75, 76, 84, 85, 94, 97, 106, 118, 124, 155, 184, 224, 244, 272, 301, 304, 316, 337, 343, 379, 416, 462, 488, 515, 544, 556, 559, 560, 562, 566], "summary": {"covered_lines": 50, "num_statements": 51, "percent_covered": 98.03921568627452, "percent_covered_display": "98", "missing_lines": 1, "excluded_lines": 0, "percent_statements_covered": 98.03921568627452, "percent_statements_covered_display": "98"}, "missing_lines": [563], "excluded_lines": [], "start_line": 1}}}}, "totals": {"covered_lines": 268, "num_statements": 1655, "percent_covered": 16.19335347432024, "percent_covered_display": "16", "missing_lines": 1387, "excluded_lines": 2, "percent_statements_covered": 16.19335347432024, "percent_statements_covered_display": "16"}}
